execve("./hello", ["./hello"], 0x7ffe52eef5d8 /* 69 vars */) = 0 <0.004923>
arch_prctl(ARCH_SET_FS, 0x55f510)       = 0 <0.000276>
sched_getaffinity(0, 8192, [0 1])       = 8 <0.000930>
openat(AT_FDCWD, "/sys/kernel/mm/transparent_hugepage/hpage_pmd_size", O_RDONLY) = 3 <0.000036>
read(3, "2097152\n", 20)                = 8 <0.000104>
close(3)                                = 0 <0.000044>
mmap(NULL, 262144, PROT_READ|PROT_WRITE, MAP_PRIVATE|MAP_ANONYMOUS, -1, 0) = 0x7f9a82032000 <0.000073>
mmap(NULL, 131072, PROT_NONE, MAP_PRIVATE|MAP_ANONYMOUS, -1, 0) = 0x7f9a82012000 <0.000036>
mmap(NULL, 1048576, PROT_NONE, MAP_PRIVATE|MAP_ANONYMOUS, -1, 0) = 0x7f9a81f12000 <0.000011>
mmap(NULL, 8388608, PROT_NONE, MAP_PRIVATE|MAP_ANONYMOUS, -1, 0) = 0x7f9a81600000 <0.000042>
mmap(NULL, 67108864, PROT_NONE, MAP_PRIVATE|MAP_ANONYMOUS, -1, 0) = 0x7f9a7d600000 <0.000014>
mmap(NULL, 536870912, PROT_NONE, MAP_PRIVATE|MAP_ANONYMOUS, -1, 0) = 0x7f9a5d600000 <0.000010>
mmap(NULL, 536870912, PROT_NONE, MAP_PRIVATE|MAP_ANONYMOUS, -1, 0) = 0x7f9a3d600000 <0.000030>
mmap(0xc000000000, 67108864, PROT_NONE, MAP_PRIVATE|MAP_ANONYMOUS, -1, 0) = 0xc000000000 <0.000090>
mmap(NULL, 33554432, PROT_READ|PROT_WRITE, MAP_PRIVATE|MAP_ANONYMOUS, -1, 0) = 0x7f9a3b600000 <0.000036>
madvise(0x7f9a3b600000, 33554432, MADV_NOHUGEPAGE) = 0 <0.000042>
mmap(NULL, 68624, PROT_READ|PROT_WRITE, MAP_PRIVATE|MAP_ANONYMOUS, -1, 0) = 0x7f9a81f01000 <0.000014>
mmap(0xc000000000, 4194304, PROT_READ|PROT_WRITE, MAP_PRIVATE|MAP_FIXED|MAP_ANONYMOUS, -1, 0) = 0xc000000000 <0.000041>
mmap(0x7f9a82012000, 131072, PROT_READ|PROT_WRITE, MAP_PRIVATE|MAP_FIXED|MAP_ANONYMOUS, -1, 0) = 0x7f9a82012000 <0.000020>
mmap(0x7f9a81f92000, 4096, PROT_READ|PROT_WRITE, MAP_PRIVATE|MAP_FIXED|MAP_ANONYMOUS, -1, 0) = 0x7f9a81f92000 <0.000045>
mmap(0x7f9a81a06000, 4096, PROT_READ|PROT_WRITE, MAP_PRIVATE|MAP_FIXED|MAP_ANONYMOUS, -1, 0) = 0x7f9a81a06000 <0.000022>
mmap(0x7f9a7f630000, 4096, PROT_READ|PROT_WRITE, MAP_PRIVATE|MAP_FIXED|MAP_ANONYMOUS, -1, 0) = 0x7f9a7f630000 <0.000010>
mmap(0x7f9a6d780000, 4096, PROT_READ|PROT_WRITE, MAP_PRIVATE|MAP_FIXED|MAP_ANONYMOUS, -1, 0) = 0x7f9a6d780000 <0.000016>
mmap(0x7f9a4d780000, 4096, PROT_READ|PROT_WRITE, MAP_PRIVATE|MAP_FIXED|MAP_ANONYMOUS, -1, 0) = 0x7f9a4d780000 <0.000017>
mmap(NULL, 1048576, PROT_READ|PROT_WRITE, MAP_PRIVATE|MAP_ANONYMOUS, -1, 0) = 0x7f9a81e01000 <0.000014>
madvise(0x7f9a81e01000, 1048576, MADV_NOHUGEPAGE) = 0 <0.000687>
mmap(NULL, 65536, PROT_READ|PROT_WRITE, MAP_PRIVATE|MAP_ANONYMOUS, -1, 0) = 0x7f9a3b5f0000 <0.000068>
mmap(NULL, 65536, PROT_READ|PROT_WRITE, MAP_PRIVATE|MAP_ANONYMOUS, -1, 0) = 0x7f9a3b5e0000 <0.000025>
rt_sigprocmask(SIG_SETMASK, NULL, [], 8) = 0 <0.000010>
fcntl(0, F_GETFD)                       = 0 <0.000741>
fcntl(1, F_GETFD)                       = 0 <0.000009>
fcntl(2, F_GETFD)                       = 0 <0.000006>
sigaltstack(NULL, {ss_sp=NULL, ss_flags=SS_DISABLE, ss_size=0}) = 0 <0.000290>
sigaltstack({ss_sp=0xc000006000, ss_flags=0, ss_size=32768}, NULL) = 0 <0.000260>
rt_sigprocmask(SIG_SETMASK, [], NULL, 8) = 0 <0.000352>
gettid()                                = 54151 <0.000105>
rt_sigaction(SIGHUP, NULL, {sa_handler=SIG_DFL, sa_mask=[], sa_flags=0}, 8) = 0 <0.000214>
rt_sigaction(SIGHUP, {sa_handler=0x46f680, sa_mask=~[], sa_flags=SA_RESTORER|SA_ONSTACK|SA_RESTART|SA_SIGINFO, sa_restorer=0x46f7c0}, NULL, 8) = 0 <0.000364>
rt_sigaction(SIGINT, NULL, {sa_handler=SIG_DFL, sa_mask=[], sa_flags=0}, 8) = 0 <0.000241>
rt_sigaction(SIGINT, {sa_handler=0x46f680, sa_mask=~[], sa_flags=SA_RESTORER|SA_ONSTACK|SA_RESTART|SA_SIGINFO, sa_restorer=0x46f7c0}, NULL, 8) = 0 <0.000284>
rt_sigaction(SIGQUIT, NULL, {sa_handler=SIG_DFL, sa_mask=[], sa_flags=0}, 8) = 0 <0.000446>
rt_sigaction(SIGQUIT, {sa_handler=0x46f680, sa_mask=~[], sa_flags=SA_RESTORER|SA_ONSTACK|SA_RESTART|SA_SIGINFO, sa_restorer=0x46f7c0}, NULL, 8) = 0 <0.000270>
rt_sigaction(SIGILL, NULL, {sa_handler=SIG_DFL, sa_mask=[], sa_flags=0}, 8) = 0 <0.000601>
rt_sigaction(SIGILL, {sa_handler=0x46f680, sa_mask=~[], sa_flags=SA_RESTORER|SA_ONSTACK|SA_RESTART|SA_SIGINFO, sa_restorer=0x46f7c0}, NULL, 8) = 0 <0.000270>
rt_sigaction(SIGTRAP, NULL, {sa_handler=SIG_DFL, sa_mask=[], sa_flags=0}, 8) = 0 <0.000353>
rt_sigaction(SIGTRAP, {sa_handler=0x46f680, sa_mask=~[], sa_flags=SA_RESTORER|SA_ONSTACK|SA_RESTART|SA_SIGINFO, sa_restorer=0x46f7c0}, NULL, 8) = 0 <0.000182>
rt_sigaction(SIGABRT, NULL, {sa_handler=SIG_DFL, sa_mask=[], sa_flags=0}, 8) = 0 <0.000132>
rt_sigaction(SIGABRT, {sa_handler=0x46f680, sa_mask=~[], sa_flags=SA_RESTORER|SA_ONSTACK|SA_RESTART|SA_SIGINFO, sa_restorer=0x46f7c0}, NULL, 8) = 0 <0.000174>
rt_sigaction(SIGBUS, NULL, {sa_handler=SIG_DFL, sa_mask=[], sa_flags=0}, 8) = 0 <0.000132>
rt_sigaction(SIGBUS, {sa_handler=0x46f680, sa_mask=~[], sa_flags=SA_RESTORER|SA_ONSTACK|SA_RESTART|SA_SIGINFO, sa_restorer=0x46f7c0}, NULL, 8) = 0 <0.000153>
rt_sigaction(SIGFPE, NULL, {sa_handler=SIG_DFL, sa_mask=[], sa_flags=0}, 8) = 0 <0.000161>
rt_sigaction(SIGFPE, {sa_handler=0x46f680, sa_mask=~[], sa_flags=SA_RESTORER|SA_ONSTACK|SA_RESTART|SA_SIGINFO, sa_restorer=0x46f7c0}, NULL, 8) = 0 <0.000130>
rt_sigaction(SIGUSR1, NULL, {sa_handler=SIG_DFL, sa_mask=[], sa_flags=0}, 8) = 0 <0.000643>
rt_sigaction(SIGUSR1, {sa_handler=0x46f680, sa_mask=~[], sa_flags=SA_RESTORER|SA_ONSTACK|SA_RESTART|SA_SIGINFO, sa_restorer=0x46f7c0}, NULL, 8) = 0 <0.000268>
rt_sigaction(SIGSEGV, NULL, {sa_handler=SIG_DFL, sa_mask=[], sa_flags=0}, 8) = 0 <0.000114>
rt_sigaction(SIGSEGV, {sa_handler=0x46f680, sa_mask=~[], sa_flags=SA_RESTORER|SA_ONSTACK|SA_RESTART|SA_SIGINFO, sa_restorer=0x46f7c0}, NULL, 8) = 0 <0.000502>
rt_sigaction(SIGUSR2, NULL, {sa_handler=SIG_DFL, sa_mask=[], sa_flags=0}, 8) = 0 <0.000130>
rt_sigaction(SIGUSR2, {sa_handler=0x46f680, sa_mask=~[], sa_flags=SA_RESTORER|SA_ONSTACK|SA_RESTART|SA_SIGINFO, sa_restorer=0x46f7c0}, NULL, 8) = 0 <0.000351>
rt_sigaction(SIGPIPE, NULL, {sa_handler=SIG_DFL, sa_mask=[], sa_flags=0}, 8) = 0 <0.000234>
rt_sigaction(SIGPIPE, {sa_handler=0x46f680, sa_mask=~[], sa_flags=SA_RESTORER|SA_ONSTACK|SA_RESTART|SA_SIGINFO, sa_restorer=0x46f7c0}, NULL, 8) = 0 <0.001381>
rt_sigaction(SIGALRM, NULL, {sa_handler=SIG_DFL, sa_mask=[], sa_flags=0}, 8) = 0 <0.000154>
rt_sigaction(SIGALRM, {sa_handler=0x46f680, sa_mask=~[], sa_flags=SA_RESTORER|SA_ONSTACK|SA_RESTART|SA_SIGINFO, sa_restorer=0x46f7c0}, NULL, 8) = 0 <0.000129>
rt_sigaction(SIGTERM, NULL, {sa_handler=SIG_DFL, sa_mask=[], sa_flags=0}, 8) = 0 <0.000118>
rt_sigaction(SIGTERM, {sa_handler=0x46f680, sa_mask=~[], sa_flags=SA_RESTORER|SA_ONSTACK|SA_RESTART|SA_SIGINFO, sa_restorer=0x46f7c0}, NULL, 8) = 0 <0.000233>
rt_sigaction(SIGSTKFLT, NULL, {sa_handler=SIG_DFL, sa_mask=[], sa_flags=0}, 8) = 0 <0.000373>
rt_sigaction(SIGSTKFLT, {sa_handler=0x46f680, sa_mask=~[], sa_flags=SA_RESTORER|SA_ONSTACK|SA_RESTART|SA_SIGINFO, sa_restorer=0x46f7c0}, NULL, 8) = 0 <0.002055>
rt_sigaction(SIGCHLD, NULL, {sa_handler=SIG_DFL, sa_mask=[], sa_flags=0}, 8) = 0 <0.000355>
rt_sigaction(SIGCHLD, {sa_handler=0x46f680, sa_mask=~[], sa_flags=SA_RESTORER|SA_ONSTACK|SA_RESTART|SA_SIGINFO, sa_restorer=0x46f7c0}, NULL, 8) = 0 <0.000484>
rt_sigaction(SIGURG, NULL, {sa_handler=SIG_DFL, sa_mask=[], sa_flags=0}, 8) = 0 <0.000146>
rt_sigaction(SIGURG, {sa_handler=0x46f680, sa_mask=~[], sa_flags=SA_RESTORER|SA_ONSTACK|SA_RESTART|SA_SIGINFO, sa_restorer=0x46f7c0}, NULL, 8) = 0 <0.000451>
rt_sigaction(SIGXCPU, NULL, {sa_handler=SIG_DFL, sa_mask=[], sa_flags=0}, 8) = 0 <0.000161>
rt_sigaction(SIGXCPU, {sa_handler=0x46f680, sa_mask=~[], sa_flags=SA_RESTORER|SA_ONSTACK|SA_RESTART|SA_SIGINFO, sa_restorer=0x46f7c0}, NULL, 8) = 0 <0.000407>
rt_sigaction(SIGXFSZ, NULL, {sa_handler=SIG_DFL, sa_mask=[], sa_flags=0}, 8) = 0 <0.000277>
rt_sigaction(SIGXFSZ, {sa_handler=0x46f680, sa_mask=~[], sa_flags=SA_RESTORER|SA_ONSTACK|SA_RESTART|SA_SIGINFO, sa_restorer=0x46f7c0}, NULL, 8) = 0 <0.000133>
rt_sigaction(SIGVTALRM, NULL, {sa_handler=SIG_DFL, sa_mask=[], sa_flags=0}, 8) = 0 <0.000156>
rt_sigaction(SIGVTALRM, {sa_handler=0x46f680, sa_mask=~[], sa_flags=SA_RESTORER|SA_ONSTACK|SA_RESTART|SA_SIGINFO, sa_restorer=0x46f7c0}, NULL, 8) = 0 <0.000122>
rt_sigaction(SIGPROF, NULL, {sa_handler=SIG_DFL, sa_mask=[], sa_flags=0}, 8) = 0 <0.000134>
rt_sigaction(SIGPROF, {sa_handler=0x46f680, sa_mask=~[], sa_flags=SA_RESTORER|SA_ONSTACK|SA_RESTART|SA_SIGINFO, sa_restorer=0x46f7c0}, NULL, 8) = 0 <0.000460>
rt_sigaction(SIGWINCH, NULL, {sa_handler=SIG_DFL, sa_mask=[], sa_flags=0}, 8) = 0 <0.000598>
rt_sigaction(SIGWINCH, {sa_handler=0x46f680, sa_mask=~[], sa_flags=SA_RESTORER|SA_ONSTACK|SA_RESTART|SA_SIGINFO, sa_restorer=0x46f7c0}, NULL, 8) = 0 <0.001325>
rt_sigaction(SIGIO, NULL, {sa_handler=SIG_DFL, sa_mask=[], sa_flags=0}, 8) = 0 <0.000215>
rt_sigaction(SIGIO, {sa_handler=0x46f680, sa_mask=~[], sa_flags=SA_RESTORER|SA_ONSTACK|SA_RESTART|SA_SIGINFO, sa_restorer=0x46f7c0}, NULL, 8) = 0 <0.000520>
rt_sigaction(SIGPWR, NULL, {sa_handler=SIG_DFL, sa_mask=[], sa_flags=0}, 8) = 0 <0.000676>
rt_sigaction(SIGPWR, {sa_handler=0x46f680, sa_mask=~[], sa_flags=SA_RESTORER|SA_ONSTACK|SA_RESTART|SA_SIGINFO, sa_restorer=0x46f7c0}, NULL, 8) = 0 <0.000603>
rt_sigaction(SIGSYS, NULL, {sa_handler=SIG_DFL, sa_mask=[], sa_flags=0}, 8) = 0 <0.000619>
rt_sigaction(SIGSYS, {sa_handler=0x46f680, sa_mask=~[], sa_flags=SA_RESTORER|SA_ONSTACK|SA_RESTART|SA_SIGINFO, sa_restorer=0x46f7c0}, NULL, 8) = 0 <0.000439>
rt_sigaction(SIGRTMIN, NULL, {sa_handler=SIG_DFL, sa_mask=[], sa_flags=0}, 8) = 0 <0.000306>
rt_sigaction(SIGRT_1, NULL, {sa_handler=SIG_DFL, sa_mask=[], sa_flags=0}, 8) = 0 <0.000354>
rt_sigaction(SIGRT_1, {sa_handler=0x46f680, sa_mask=~[], sa_flags=SA_RESTORER|SA_ONSTACK|SA_RESTART|SA_SIGINFO, sa_restorer=0x46f7c0}, NULL, 8) = 0 <0.000293>
rt_sigaction(SIGRT_2, NULL, {sa_handler=SIG_DFL, sa_mask=[], sa_flags=0}, 8) = 0 <0.000867>
rt_sigaction(SIGRT_3, NULL, {sa_handler=SIG_DFL, sa_mask=[], sa_flags=0}, 8) = 0 <0.000980>
rt_sigaction(SIGRT_3, {sa_handler=0x46f680, sa_mask=~[], sa_flags=SA_RESTORER|SA_ONSTACK|SA_RESTART|SA_SIGINFO, sa_restorer=0x46f7c0}, NULL, 8) = 0 <0.000749>
rt_sigaction(SIGRT_4, NULL, {sa_handler=SIG_DFL, sa_mask=[], sa_flags=0}, 8) = 0 <0.000523>
rt_sigaction(SIGRT_4, {sa_handler=0x46f680, sa_mask=~[], sa_flags=SA_RESTORER|SA_ONSTACK|SA_RESTART|SA_SIGINFO, sa_restorer=0x46f7c0}, NULL, 8) = 0 <0.000385>
rt_sigaction(SIGRT_5, NULL, {sa_handler=SIG_DFL, sa_mask=[], sa_flags=0}, 8) = 0 <0.000363>
rt_sigaction(SIGRT_5, {sa_handler=0x46f680, sa_mask=~[], sa_flags=SA_RESTORER|SA_ONSTACK|SA_RESTART|SA_SIGINFO, sa_restorer=0x46f7c0}, NULL, 8) = 0 <0.001339>
rt_sigaction(SIGRT_6, NULL, {sa_handler=SIG_DFL, sa_mask=[], sa_flags=0}, 8) = 0 <0.000227>
rt_sigaction(SIGRT_6, {sa_handler=0x46f680, sa_mask=~[], sa_flags=SA_RESTORER|SA_ONSTACK|SA_RESTART|SA_SIGINFO, sa_restorer=0x46f7c0}, NULL, 8) = 0 <0.000738>
rt_sigaction(SIGRT_7, NULL, {sa_handler=SIG_DFL, sa_mask=[], sa_flags=0}, 8) = 0 <0.000232>
rt_sigaction(SIGRT_7, {sa_handler=0x46f680, sa_mask=~[], sa_flags=SA_RESTORER|SA_ONSTACK|SA_RESTART|SA_SIGINFO, sa_restorer=0x46f7c0}, NULL, 8) = 0 <0.000241>
rt_sigaction(SIGRT_8, NULL, {sa_handler=SIG_DFL, sa_mask=[], sa_flags=0}, 8) = 0 <0.000245>
rt_sigaction(SIGRT_8, {sa_handler=0x46f680, sa_mask=~[], sa_flags=SA_RESTORER|SA_ONSTACK|SA_RESTART|SA_SIGINFO, sa_restorer=0x46f7c0}, NULL, 8) = 0 <0.000289>
rt_sigaction(SIGRT_9, NULL, {sa_handler=SIG_DFL, sa_mask=[], sa_flags=0}, 8) = 0 <0.000263>
rt_sigaction(SIGRT_9, {sa_handler=0x46f680, sa_mask=~[], sa_flags=SA_RESTORER|SA_ONSTACK|SA_RESTART|SA_SIGINFO, sa_restorer=0x46f7c0}, NULL, 8) = 0 <0.000592>
rt_sigaction(SIGRT_10, NULL, {sa_handler=SIG_DFL, sa_mask=[], sa_flags=0}, 8) = 0 <0.000256>
rt_sigaction(SIGRT_10, {sa_handler=0x46f680, sa_mask=~[], sa_flags=SA_RESTORER|SA_ONSTACK|SA_RESTART|SA_SIGINFO, sa_restorer=0x46f7c0}, NULL, 8) = 0 <0.000016>
rt_sigaction(SIGRT_11, NULL, {sa_handler=SIG_DFL, sa_mask=[], sa_flags=0}, 8) = 0 <0.000009>
rt_sigaction(SIGRT_11, {sa_handler=0x46f680, sa_mask=~[], sa_flags=SA_RESTORER|SA_ONSTACK|SA_RESTART|SA_SIGINFO, sa_restorer=0x46f7c0}, NULL, 8) = 0 <0.000424>
rt_sigaction(SIGRT_12, NULL, {sa_handler=SIG_DFL, sa_mask=[], sa_flags=0}, 8) = 0 <0.000012>
rt_sigaction(SIGRT_12, {sa_handler=0x46f680, sa_mask=~[], sa_flags=SA_RESTORER|SA_ONSTACK|SA_RESTART|SA_SIGINFO, sa_restorer=0x46f7c0}, NULL, 8) = 0 <0.000011>
rt_sigaction(SIGRT_13, NULL, {sa_handler=SIG_DFL, sa_mask=[], sa_flags=0}, 8) = 0 <0.000006>
rt_sigaction(SIGRT_13, {sa_handler=0x46f680, sa_mask=~[], sa_flags=SA_RESTORER|SA_ONSTACK|SA_RESTART|SA_SIGINFO, sa_restorer=0x46f7c0}, NULL, 8) = 0 <0.000022>
rt_sigaction(SIGRT_14, NULL, {sa_handler=SIG_DFL, sa_mask=[], sa_flags=0}, 8) = 0 <0.000015>
rt_sigaction(SIGRT_14, {sa_handler=0x46f680, sa_mask=~[], sa_flags=SA_RESTORER|SA_ONSTACK|SA_RESTART|SA_SIGINFO, sa_restorer=0x46f7c0}, NULL, 8) = 0 <0.000033>
rt_sigaction(SIGRT_15, NULL, {sa_handler=SIG_DFL, sa_mask=[], sa_flags=0}, 8) = 0 <0.000057>
rt_sigaction(SIGRT_15, {sa_handler=0x46f680, sa_mask=~[], sa_flags=SA_RESTORER|SA_ONSTACK|SA_RESTART|SA_SIGINFO, sa_restorer=0x46f7c0}, NULL, 8) = 0 <0.000050>
rt_sigaction(SIGRT_16, NULL, {sa_handler=SIG_DFL, sa_mask=[], sa_flags=0}, 8) = 0 <0.000007>
rt_sigaction(SIGRT_16, {sa_handler=0x46f680, sa_mask=~[], sa_flags=SA_RESTORER|SA_ONSTACK|SA_RESTART|SA_SIGINFO, sa_restorer=0x46f7c0}, NULL, 8) = 0 <0.000011>
rt_sigaction(SIGRT_17, NULL, {sa_handler=SIG_DFL, sa_mask=[], sa_flags=0}, 8) = 0 <0.000009>
rt_sigaction(SIGRT_17, {sa_handler=0x46f680, sa_mask=~[], sa_flags=SA_RESTORER|SA_ONSTACK|SA_RESTART|SA_SIGINFO, sa_restorer=0x46f7c0}, NULL, 8) = 0 <0.000005>
rt_sigaction(SIGRT_18, NULL, {sa_handler=SIG_DFL, sa_mask=[], sa_flags=0}, 8) = 0 <0.000013>
rt_sigaction(SIGRT_18, {sa_handler=0x46f680, sa_mask=~[], sa_flags=SA_RESTORER|SA_ONSTACK|SA_RESTART|SA_SIGINFO, sa_restorer=0x46f7c0}, NULL, 8) = 0 <0.000006>
rt_sigaction(SIGRT_19, NULL, {sa_handler=SIG_DFL, sa_mask=[], sa_flags=0}, 8) = 0 <0.000009>
rt_sigaction(SIGRT_19, {sa_handler=0x46f680, sa_mask=~[], sa_flags=SA_RESTORER|SA_ONSTACK|SA_RESTART|SA_SIGINFO, sa_restorer=0x46f7c0}, NULL, 8) = 0 <0.000009>
rt_sigaction(SIGRT_20, NULL, {sa_handler=SIG_DFL, sa_mask=[], sa_flags=0}, 8) = 0 <0.000032>
rt_sigaction(SIGRT_20, {sa_handler=0x46f680, sa_mask=~[], sa_flags=SA_RESTORER|SA_ONSTACK|SA_RESTART|SA_SIGINFO, sa_restorer=0x46f7c0}, NULL, 8) = 0 <0.000006>
rt_sigaction(SIGRT_21, NULL, {sa_handler=SIG_DFL, sa_mask=[], sa_flags=0}, 8) = 0 <0.000015>
rt_sigaction(SIGRT_21, {sa_handler=0x46f680, sa_mask=~[], sa_flags=SA_RESTORER|SA_ONSTACK|SA_RESTART|SA_SIGINFO, sa_restorer=0x46f7c0}, NULL, 8) = 0 <0.000006>
rt_sigaction(SIGRT_22, NULL, {sa_handler=SIG_DFL, sa_mask=[], sa_flags=0}, 8) = 0 <0.000010>
rt_sigaction(SIGRT_22, {sa_handler=0x46f680, sa_mask=~[], sa_flags=SA_RESTORER|SA_ONSTACK|SA_RESTART|SA_SIGINFO, sa_restorer=0x46f7c0}, NULL, 8) = 0 <0.000010>
rt_sigaction(SIGRT_23, NULL, {sa_handler=SIG_DFL, sa_mask=[], sa_flags=0}, 8) = 0 <0.000010>
rt_sigaction(SIGRT_23, {sa_handler=0x46f680, sa_mask=~[], sa_flags=SA_RESTORER|SA_ONSTACK|SA_RESTART|SA_SIGINFO, sa_restorer=0x46f7c0}, NULL, 8) = 0 <0.000010>
rt_sigaction(SIGRT_24, NULL, {sa_handler=SIG_DFL, sa_mask=[], sa_flags=0}, 8) = 0 <0.000007>
rt_sigaction(SIGRT_24, {sa_handler=0x46f680, sa_mask=~[], sa_flags=SA_RESTORER|SA_ONSTACK|SA_RESTART|SA_SIGINFO, sa_restorer=0x46f7c0}, NULL, 8) = 0 <0.000012>
rt_sigaction(SIGRT_25, NULL, {sa_handler=SIG_DFL, sa_mask=[], sa_flags=0}, 8) = 0 <0.000261>
rt_sigaction(SIGRT_25, {sa_handler=0x46f680, sa_mask=~[], sa_flags=SA_RESTORER|SA_ONSTACK|SA_RESTART|SA_SIGINFO, sa_restorer=0x46f7c0}, NULL, 8) = 0 <0.000020>
rt_sigaction(SIGRT_26, NULL, {sa_handler=SIG_DFL, sa_mask=[], sa_flags=0}, 8) = 0 <0.000007>
rt_sigaction(SIGRT_26, {sa_handler=0x46f680, sa_mask=~[], sa_flags=SA_RESTORER|SA_ONSTACK|SA_RESTART|SA_SIGINFO, sa_restorer=0x46f7c0}, NULL, 8) = 0 <0.000010>
rt_sigaction(SIGRT_27, NULL, {sa_handler=SIG_DFL, sa_mask=[], sa_flags=0}, 8) = 0 <0.000008>
rt_sigaction(SIGRT_27, {sa_handler=0x46f680, sa_mask=~[], sa_flags=SA_RESTORER|SA_ONSTACK|SA_RESTART|SA_SIGINFO, sa_restorer=0x46f7c0}, NULL, 8) = 0 <0.000006>
rt_sigaction(SIGRT_28, NULL, {sa_handler=SIG_DFL, sa_mask=[], sa_flags=0}, 8) = 0 <0.000009>
rt_sigaction(SIGRT_28, {sa_handler=0x46f680, sa_mask=~[], sa_flags=SA_RESTORER|SA_ONSTACK|SA_RESTART|SA_SIGINFO, sa_restorer=0x46f7c0}, NULL, 8) = 0 <0.000010>
rt_sigaction(SIGRT_29, NULL, {sa_handler=SIG_DFL, sa_mask=[], sa_flags=0}, 8) = 0 <0.000018>
rt_sigaction(SIGRT_29, {sa_handler=0x46f680, sa_mask=~[], sa_flags=SA_RESTORER|SA_ONSTACK|SA_RESTART|SA_SIGINFO, sa_restorer=0x46f7c0}, NULL, 8) = 0 <0.000011>
rt_sigaction(SIGRT_30, NULL, {sa_handler=SIG_DFL, sa_mask=[], sa_flags=0}, 8) = 0 <0.000007>
rt_sigaction(SIGRT_30, {sa_handler=0x46f680, sa_mask=~[], sa_flags=SA_RESTORER|SA_ONSTACK|SA_RESTART|SA_SIGINFO, sa_restorer=0x46f7c0}, NULL, 8) = 0 <0.000009>
rt_sigaction(SIGRT_31, NULL, {sa_handler=SIG_DFL, sa_mask=[], sa_flags=0}, 8) = 0 <0.000080>
rt_sigaction(SIGRT_31, {sa_handler=0x46f680, sa_mask=~[], sa_flags=SA_RESTORER|SA_ONSTACK|SA_RESTART|SA_SIGINFO, sa_restorer=0x46f7c0}, NULL, 8) = 0 <0.000009>
rt_sigaction(SIGRT_32, NULL, {sa_handler=SIG_DFL, sa_mask=[], sa_flags=0}, 8) = 0 <0.000007>
rt_sigaction(SIGRT_32, {sa_handler=0x46f680, sa_mask=~[], sa_flags=SA_RESTORER|SA_ONSTACK|SA_RESTART|SA_SIGINFO, sa_restorer=0x46f7c0}, NULL, 8) = 0 <0.000005>
rt_sigprocmask(SIG_SETMASK, ~[], [], 8) = 0 <0.000011>
clone(child_stack=0xc00002a000, flags=CLONE_VM|CLONE_FS|CLONE_FILES|CLONE_SIGHAND|CLONE_THREAD|CLONE_SYSVSEM|CLONE_SETTLS, tls=0xc000048098) = 54160 <0.000113>
rt_sigprocmask(SIG_SETMASK, [], NULL, 8) = 0 <0.000009>
--- SIGURG {si_signo=SIGURG, si_code=SI_TKILL, si_pid=54151, si_uid=1000} ---
rt_sigreturn({mask=[]})                 = 0 <0.000032>
--- SIGURG {si_signo=SIGURG, si_code=SI_TKILL, si_pid=54151, si_uid=1000} ---
rt_sigreturn({mask=[]})                 = 0 <0.000031>
--- SIGURG {si_signo=SIGURG, si_code=SI_TKILL, si_pid=54151, si_uid=1000} ---
rt_sigreturn({mask=[]})                 = 0 <0.000615>
--- SIGURG {si_signo=SIGURG, si_code=SI_TKILL, si_pid=54151, si_uid=1000} ---
rt_sigreturn({mask=[]})                 = 0 <0.000589>
--- SIGURG {si_signo=SIGURG, si_code=SI_TKILL, si_pid=54151, si_uid=1000} ---
rt_sigreturn({mask=[]})                 = 0 <0.000582>
--- SIGURG {si_signo=SIGURG, si_code=SI_TKILL, si_pid=54151, si_uid=1000} ---
rt_sigreturn({mask=[]})                 = 0 <0.000012>
--- SIGURG {si_signo=SIGURG, si_code=SI_TKILL, si_pid=54151, si_uid=1000} ---
rt_sigreturn({mask=[]})                 = 824633993040 <0.000012>
--- SIGURG {si_signo=SIGURG, si_code=SI_TKILL, si_pid=54151, si_uid=1000} ---
rt_sigreturn({mask=[]})                 = 824633993040 <0.000026>
--- SIGURG {si_signo=SIGURG, si_code=SI_TKILL, si_pid=54151, si_uid=1000} ---
rt_sigreturn({mask=[]})                 = 824633729920 <0.000008>
rt_sigprocmask(SIG_SETMASK, ~[], [], 8) = 0 <0.000007>
clone(child_stack=0xc000062000, flags=CLONE_VM|CLONE_FS|CLONE_FILES|CLONE_SIGHAND|CLONE_THREAD|CLONE_SYSVSEM|CLONE_SETTLS, tls=0xc000048898) = 54161 <0.000435>
rt_sigprocmask(SIG_SETMASK, [], NULL, 8) = 0 <0.000410>
futex(0xc000048948, FUTEX_WAKE_PRIVATE, 1) = 1 <0.000966>
mmap(NULL, 262144, PROT_READ|PROT_WRITE, MAP_PRIVATE|MAP_ANONYMOUS, -1, 0) = 0x7f9a3b5a0000 <0.000234>
futex(0xc000048948, FUTEX_WAKE_PRIVATE, 1) = 1 <0.000034>
futex(0xc000048948, FUTEX_WAKE_PRIVATE, 1) = 1 <0.000300>
rt_sigprocmask(SIG_SETMASK, ~[], [], 8) = 0 <0.000751>
clone(child_stack=0xc00005e000, flags=CLONE_VM|CLONE_FS|CLONE_FILES|CLONE_SIGHAND|CLONE_THREAD|CLONE_SYSVSEM|CLONE_SETTLS, tls=0xc00008a098) = 54162 <0.000178>
rt_sigprocmask(SIG_SETMASK, [], NULL, 8) = 0 <0.000203>
--- SIGURG {si_signo=SIGURG, si_code=SI_TKILL, si_pid=54151, si_uid=1000} ---
rt_sigreturn({mask=[]})                 = 4904032 <0.000030>
futex(0xc00008a148, FUTEX_WAKE_PRIVATE, 1) = 1 <0.000018>
futex(0xc00008a148, FUTEX_WAKE_PRIVATE, 1) = 1 <0.000008>
prlimit64(0, RLIMIT_NOFILE, NULL, {rlim_cur=512*1024, rlim_max=512*1024}) = 0 <0.000011>
fcntl(0, F_GETFL)                       = 0x2 (flags O_RDWR) <0.000266>
futex(0xc00008a148, FUTEX_WAKE_PRIVATE, 1) = 1 <0.000344>
fcntl(1, F_GETFL)                       = 0x2 (flags O_RDWR) <0.000501>
fcntl(2, F_GETFL)                       = 0x2 (flags O_RDWR) <0.000748>
--- SIGURG {si_signo=SIGURG, si_code=SI_TKILL, si_pid=54151, si_uid=1000} ---
rt_sigreturn({mask=[]})                 = 5086936 <0.000109>
futex(0xc00008a148, FUTEX_WAKE_PRIVATE, 1) = 1 <0.000177>
futex(0x55f5c0, FUTEX_WAIT_PRIVATE, 0, NULL) = ?
+++ exited with 0 +++
