execve("./hello.py", ["./hello.py"], 0x7ffdc5f186c0 /* 69 vars */) = 0
brk(NULL)                               = 0x5d52000
mmap(NULL, 8192, PROT_READ|PROT_WRITE, MAP_PRIVATE|MAP_ANONYMOUS, -1, 0) = 0x7ff968954000
access("/etc/ld.so.preload", R_OK)      = -1 ENOENT (そのようなファイルやディレクトリはありません)
openat(AT_FDCWD, "/etc/ld.so.cache", O_RDONLY|O_CLOEXEC) = 3
fstat(3, {st_mode=S_IFREG|0644, st_size=97042, ...}) = 0
mmap(NULL, 97042, PROT_READ, MAP_PRIVATE, 3, 0) = 0x7ff96893c000
close(3)                                = 0
openat(AT_FDCWD, "/lib/x86_64-linux-gnu/libm.so.6", O_RDONLY|O_CLOEXEC) = 3
read(3, "\177ELF\2\1\1\3\0\0\0\0\0\0\0\0\3\0>\0\1\0\0\0\0\0\0\0\0\0\0\0"..., 832) = 832
fstat(3, {st_mode=S_IFREG|0644, st_size=977112, ...}) = 0
mmap(NULL, 978968, PROT_READ, MAP_PRIVATE|MAP_DENYWRITE, 3, 0) = 0x7ff96884c000
mmap(0x7ff96885d000, 512000, PROT_READ|PROT_EXEC, MAP_PRIVATE|MAP_FIXED|MAP_DENYWRITE, 3, 0x11000) = 0x7ff96885d000
mmap(0x7ff9688da000, 393216, PROT_READ, MAP_PRIVATE|MAP_FIXED|MAP_DENYWRITE, 3, 0x8e000) = 0x7ff9688da000
mmap(0x7ff96893a000, 8192, PROT_READ|PROT_WRITE, MAP_PRIVATE|MAP_FIXED|MAP_DENYWRITE, 3, 0xed000) = 0x7ff96893a000
close(3)                                = 0
openat(AT_FDCWD, "/lib/x86_64-linux-gnu/libz.so.1", O_RDONLY|O_CLOEXEC) = 3
read(3, "\177ELF\2\1\1\0\0\0\0\0\0\0\0\0\3\0>\0\1\0\0\0\0\0\0\0\0\0\0\0"..., 832) = 832
fstat(3, {st_mode=S_IFREG|0644, st_size=125376, ...}) = 0
mmap(NULL, 127376, PROT_READ, MAP_PRIVATE|MAP_DENYWRITE, 3, 0) = 0x7ff96882c000
mmap(0x7ff96882f000, 81920, PROT_READ|PROT_EXEC, MAP_PRIVATE|MAP_FIXED|MAP_DENYWRITE, 3, 0x3000) = 0x7ff96882f000
mmap(0x7ff968843000, 28672, PROT_READ, MAP_PRIVATE|MAP_FIXED|MAP_DENYWRITE, 3, 0x17000) = 0x7ff968843000
mmap(0x7ff96884a000, 8192, PROT_READ|PROT_WRITE, MAP_PRIVATE|MAP_FIXED|MAP_DENYWRITE, 3, 0x1d000) = 0x7ff96884a000
close(3)                                = 0
openat(AT_FDCWD, "/lib/x86_64-linux-gnu/libexpat.so.1", O_RDONLY|O_CLOEXEC) = 3
read(3, "\177ELF\2\1\1\0\0\0\0\0\0\0\0\0\3\0>\0\1\0\0\0\0\0\0\0\0\0\0\0"..., 832) = 832
fstat(3, {st_mode=S_IFREG|0644, st_size=178272, ...}) = 0
mmap(NULL, 176256, PROT_READ, MAP_PRIVATE|MAP_DENYWRITE, 3, 0) = 0x7ff968800000
mmap(0x7ff968804000, 118784, PROT_READ|PROT_EXEC, MAP_PRIVATE|MAP_FIXED|MAP_DENYWRITE, 3, 0x4000) = 0x7ff968804000
mmap(0x7ff968821000, 32768, PROT_READ, MAP_PRIVATE|MAP_FIXED|MAP_DENYWRITE, 3, 0x21000) = 0x7ff968821000
mmap(0x7ff968829000, 12288, PROT_READ|PROT_WRITE, MAP_PRIVATE|MAP_FIXED|MAP_DENYWRITE, 3, 0x29000) = 0x7ff968829000
close(3)                                = 0
openat(AT_FDCWD, "/lib/x86_64-linux-gnu/libc.so.6", O_RDONLY|O_CLOEXEC) = 3
read(3, "\177ELF\2\1\1\3\0\0\0\0\0\0\0\0\3\0>\0\1\0\0\0p\236\2\0\0\0\0\0"..., 832) = 832
pread64(3, "\6\0\0\0\4\0\0\0@\0\0\0\0\0\0\0@\0\0\0\0\0\0\0@\0\0\0\0\0\0\0"..., 840, 64) = 840
fstat(3, {st_mode=S_IFREG|0755, st_size=2003408, ...}) = 0
pread64(3, "\6\0\0\0\4\0\0\0@\0\0\0\0\0\0\0@\0\0\0\0\0\0\0@\0\0\0\0\0\0\0"..., 840, 64) = 840
mmap(NULL, 2055800, PROT_READ, MAP_PRIVATE|MAP_DENYWRITE, 3, 0) = 0x7ff96860a000
mmap(0x7ff968632000, 1462272, PROT_READ|PROT_EXEC, MAP_PRIVATE|MAP_FIXED|MAP_DENYWRITE, 3, 0x28000) = 0x7ff968632000
mmap(0x7ff968797000, 352256, PROT_READ, MAP_PRIVATE|MAP_FIXED|MAP_DENYWRITE, 3, 0x18d000) = 0x7ff968797000
mmap(0x7ff9687ed000, 24576, PROT_READ|PROT_WRITE, MAP_PRIVATE|MAP_FIXED|MAP_DENYWRITE, 3, 0x1e2000) = 0x7ff9687ed000
mmap(0x7ff9687f3000, 52856, PROT_READ|PROT_WRITE, MAP_PRIVATE|MAP_FIXED|MAP_ANONYMOUS, -1, 0) = 0x7ff9687f3000
close(3)                                = 0
mmap(NULL, 8192, PROT_READ|PROT_WRITE, MAP_PRIVATE|MAP_ANONYMOUS, -1, 0) = 0x7ff968608000
arch_prctl(ARCH_SET_FS, 0x7ff968609100) = 0
set_tid_address(0x7ff9686093d0)         = 48544
set_robust_list(0x7ff9686093e0, 24)     = 0
rseq(0x7ff968609020, 0x20, 0, 0x53053053) = 0
mprotect(0x7ff9687ed000, 16384, PROT_READ) = 0
mprotect(0x7ff968829000, 8192, PROT_READ) = 0
mprotect(0x7ff96884a000, 4096, PROT_READ) = 0
mprotect(0x7ff96893a000, 4096, PROT_READ) = 0
mprotect(0x9ed000, 4096, PROT_READ)     = 0
mprotect(0x7ff968990000, 8192, PROT_READ) = 0
prlimit64(0, RLIMIT_STACK, NULL, {rlim_cur=8192*1024, rlim_max=RLIM64_INFINITY}) = 0
munmap(0x7ff96893c000, 97042)           = 0
getrandom("\x05\x96\x2e\xa2\x7a\xb8\x98\x7e\xf9\x73\x8a\x8c\xe3\x8b\x5b\x81\x84\xe1\x53\x87\xb0\xd3\x5d\xbd\x34\x5e\xe7\x45\x55\x26\x42\x7b", 32, GRND_NONBLOCK) = 32
open("/proc/sys/vm/overcommit_memory", O_RDONLY) = 3
read(3, "0\n", 32)                      = 2
close(3)                                = 0
getrandom("\x2c\x61\x1d\x02\xf0\x30\xa9\x44", 8, GRND_NONBLOCK) = 8
brk(NULL)                               = 0x5d52000
brk(0x5d73000)                          = 0x5d73000
openat(AT_FDCWD, "/usr/lib/locale/locale-archive", O_RDONLY|O_CLOEXEC) = 3
fstat(3, {st_mode=S_IFREG|0644, st_size=4149408, ...}) = 0
mmap(NULL, 4149408, PROT_READ, MAP_PRIVATE, 3, 0) = 0x7ff968200000
close(3)                                = 0
openat(AT_FDCWD, "/usr/lib/x86_64-linux-gnu/gconv/gconv-modules.cache", O_RDONLY|O_CLOEXEC) = 3
fstat(3, {st_mode=S_IFREG|0644, st_size=27028, ...}) = 0
mmap(NULL, 27028, PROT_READ, MAP_SHARED, 3, 0) = 0x7ff96894d000
close(3)                                = 0
futex(0x7ff9687f272c, FUTEX_WAKE_PRIVATE, 2147483647) = 0
getcwd("/media/sf_HowLinuxWorks/The_Workings_Of_Linux/Chapter1", 4096) = 55
rt_sigprocmask(SIG_BLOCK, ~[], [], 8)   = 0
mmap(NULL, 4096, PROT_READ|PROT_WRITE, MAP_DROPPABLE|MAP_ANONYMOUS, -1, 0) = 0x7ff96894c000
mmap(NULL, 4096, PROT_READ|PROT_WRITE, MAP_PRIVATE|MAP_ANONYMOUS, -1, 0) = 0x7ff96894b000
rt_sigprocmask(SIG_SETMASK, [], NULL, 8) = 0
getrandom("\x44\x8f\x7f\x0d\x7a\xc9\x4f\x7e\x8d\xd5\x04\xd4\x54\x4f\xe7\x8f\xcc\xc2\xdf\x32\xf4\xa0\xd8\x53\xe5\xba\x05\x75\x86\xd9\x0a\xe7", 32, 0) = 32
gettid()                                = 48544
mmap(NULL, 1048576, PROT_READ|PROT_WRITE, MAP_PRIVATE|MAP_ANONYMOUS, -1, 0) = 0x7ff968100000
mmap(NULL, 266240, PROT_READ|PROT_WRITE, MAP_PRIVATE|MAP_ANONYMOUS, -1, 0) = 0x7ff9680bf000
mmap(NULL, 135168, PROT_READ|PROT_WRITE, MAP_PRIVATE|MAP_ANONYMOUS, -1, 0) = 0x7ff96809e000
brk(0x5d95000)                          = 0x5d95000
mmap(NULL, 16384, PROT_READ|PROT_WRITE, MAP_PRIVATE|MAP_ANONYMOUS, -1, 0) = 0x7ff968947000
openat(AT_FDCWD, "/usr/pyvenv.cfg", O_RDONLY) = -1 ENOENT (そのようなファイルやディレクトリはありません)
openat(AT_FDCWD, "/usr/bin/pyvenv.cfg", O_RDONLY) = -1 ENOENT (そのようなファイルやディレクトリはありません)
readlink("/usr/bin/python3", "python3.13", 4096) = 10
readlink("/usr/bin/python3.13", 0x7fff4185edc0, 4096) = -1 EINVAL (無効な引数です)
openat(AT_FDCWD, "/usr/bin/python3._pth", O_RDONLY) = -1 ENOENT (そのようなファイルやディレクトリはありません)
openat(AT_FDCWD, "/usr/bin/python3.13._pth", O_RDONLY) = -1 ENOENT (そのようなファイルやディレクトリはありません)
openat(AT_FDCWD, "/usr/bin/pybuilddir.txt", O_RDONLY) = -1 ENOENT (そのようなファイルやディレクトリはありません)
newfstatat(AT_FDCWD, "/usr/bin/Modules/Setup.local", 0x7fff41863da0, 0) = -1 ENOENT (そのようなファイルやディレクトリはありません)
newfstatat(AT_FDCWD, "/usr/bin/lib/python313.zip", 0x7fff41863b30, 0) = -1 ENOENT (そのようなファイルやディレクトリはありません)
newfstatat(AT_FDCWD, "/usr/lib/python313.zip", 0x7fff41863b80, 0) = -1 ENOENT (そのようなファイルやディレクトリはありません)
newfstatat(AT_FDCWD, "/usr/bin/lib/python3.13/os.py", 0x7fff41863b80, 0) = -1 ENOENT (そのようなファイルやディレクトリはありません)
newfstatat(AT_FDCWD, "/usr/bin/lib/python3.13/os.pyc", 0x7fff41863b80, 0) = -1 ENOENT (そのようなファイルやディレクトリはありません)
newfstatat(AT_FDCWD, "/usr/lib/python3.13/os.py", {st_mode=S_IFREG|0644, st_size=41598, ...}, 0) = 0
newfstatat(AT_FDCWD, "/usr/bin/lib/python3.13/lib-dynload", 0x7fff41863b80, 0) = -1 ENOENT (そのようなファイルやディレクトリはありません)
newfstatat(AT_FDCWD, "/usr/lib/python3.13/lib-dynload", {st_mode=S_IFDIR|0755, st_size=4096, ...}, 0) = 0
newfstatat(AT_FDCWD, "/usr/lib/python3.13/lib-dynload", {st_mode=S_IFDIR|0755, st_size=4096, ...}, 0) = 0
brk(0x5db6000)                          = 0x5db6000
mmap(NULL, 1048576, PROT_READ|PROT_WRITE, MAP_PRIVATE|MAP_ANONYMOUS, -1, 0) = 0x7ff967f9e000
brk(0x5dd7000)                          = 0x5dd7000
openat(AT_FDCWD, "/etc/localtime", O_RDONLY|O_CLOEXEC) = 3
fstat(3, {st_mode=S_IFREG|0644, st_size=309, ...}) = 0
fstat(3, {st_mode=S_IFREG|0644, st_size=309, ...}) = 0
read(3, "TZif2\0\0\0\0\0\0\0\0\0\0\0\0\0\0\0\0\0\0\4\0\0\0\4\0\0\0\0"..., 4096) = 309
lseek(3, -176, SEEK_CUR)                = 133
read(3, "TZif2\0\0\0\0\0\0\0\0\0\0\0\0\0\0\0\0\0\0\4\0\0\0\4\0\0\0\0"..., 4096) = 176
close(3)                                = 0
newfstatat(AT_FDCWD, "/usr/lib/python313.zip", 0x7fff418637a0, 0) = -1 ENOENT (そのようなファイルやディレクトリはありません)
newfstatat(AT_FDCWD, "/usr/lib", {st_mode=S_IFDIR|0755, st_size=4096, ...}, 0) = 0
newfstatat(AT_FDCWD, "/usr/lib/python313.zip", 0x7fff41863a80, 0) = -1 ENOENT (そのようなファイルやディレクトリはありません)
newfstatat(AT_FDCWD, "/usr/lib/python3.13", {st_mode=S_IFDIR|0755, st_size=4096, ...}, 0) = 0
newfstatat(AT_FDCWD, "/usr/lib/python3.13", {st_mode=S_IFDIR|0755, st_size=4096, ...}, 0) = 0
newfstatat(AT_FDCWD, "/usr/lib/python3.13", {st_mode=S_IFDIR|0755, st_size=4096, ...}, 0) = 0
openat(AT_FDCWD, "/usr/lib/python3.13", O_RDONLY|O_NONBLOCK|O_CLOEXEC|O_DIRECTORY) = 3
fstat(3, {st_mode=S_IFDIR|0755, st_size=4096, ...}) = 0
getdents64(3, 0x5db7530 /* 197 entries */, 32768) = 6640
getdents64(3, 0x5db7530 /* 0 entries */, 32768) = 0
close(3)                                = 0
newfstatat(AT_FDCWD, "/usr/lib/python3.13/encodings/__init__.cpython-313-x86_64-linux-gnu.so", 0x7fff41863a80, 0) = -1 ENOENT (そのようなファイルやディレクトリはありません)
newfstatat(AT_FDCWD, "/usr/lib/python3.13/encodings/__init__.abi3.so", 0x7fff41863a80, 0) = -1 ENOENT (そのようなファイルやディレクトリはありません)
newfstatat(AT_FDCWD, "/usr/lib/python3.13/encodings/__init__.abi3-x86_64-linux-gnu.so", 0x7fff41863a80, 0) = -1 ENOENT (そのようなファイルやディレクトリはありません)
newfstatat(AT_FDCWD, "/usr/lib/python3.13/encodings/__init__.so", 0x7fff41863a80, 0) = -1 ENOENT (そのようなファイルやディレクトリはありません)
newfstatat(AT_FDCWD, "/usr/lib/python3.13/encodings/__init__.py", {st_mode=S_IFREG|0644, st_size=5884, ...}, 0) = 0
newfstatat(AT_FDCWD, "/usr/lib/python3.13/encodings/__init__.py", {st_mode=S_IFREG|0644, st_size=5884, ...}, 0) = 0
openat(AT_FDCWD, "/usr/lib/python3.13/encodings/__pycache__/__init__.cpython-313.pyc", O_RDONLY|O_CLOEXEC) = 3
fcntl(3, F_GETFD)                       = 0x1 (flags FD_CLOEXEC)
fstat(3, {st_mode=S_IFREG|0644, st_size=6017, ...}) = 0
ioctl(3, TCGETS, 0x7fff41863720)        = -1 ENOTTY (デバイスに対する不適切なioctlです)
lseek(3, 0, SEEK_CUR)                   = 0
lseek(3, 0, SEEK_CUR)                   = 0
fstat(3, {st_mode=S_IFREG|0644, st_size=6017, ...}) = 0
read(3, "\363\r\r\n\0\0\0\0k:\370g\374\26\0\0\343\0\0\0\0\0\0\0\0\0\0\0\0\6\0\0"..., 6018) = 6017
read(3, "", 1)                          = 0
close(3)                                = 0
newfstatat(AT_FDCWD, "/usr/lib/python3.13/encodings", {st_mode=S_IFDIR|0755, st_size=4096, ...}, 0) = 0
newfstatat(AT_FDCWD, "/usr/lib/python3.13/encodings", {st_mode=S_IFDIR|0755, st_size=4096, ...}, 0) = 0
newfstatat(AT_FDCWD, "/usr/lib/python3.13/encodings", {st_mode=S_IFDIR|0755, st_size=4096, ...}, 0) = 0
openat(AT_FDCWD, "/usr/lib/python3.13/encodings", O_RDONLY|O_NONBLOCK|O_CLOEXEC|O_DIRECTORY) = 3
fstat(3, {st_mode=S_IFDIR|0755, st_size=4096, ...}) = 0
getdents64(3, 0x5dc2de0 /* 125 entries */, 32768) = 4224
getdents64(3, 0x5dc2de0 /* 0 entries */, 32768) = 0
close(3)                                = 0
newfstatat(AT_FDCWD, "/usr/lib/python3.13/encodings/aliases.py", {st_mode=S_IFREG|0644, st_size=15713, ...}, 0) = 0
newfstatat(AT_FDCWD, "/usr/lib/python3.13/encodings/aliases.py", {st_mode=S_IFREG|0644, st_size=15713, ...}, 0) = 0
openat(AT_FDCWD, "/usr/lib/python3.13/encodings/__pycache__/aliases.cpython-313.pyc", O_RDONLY|O_CLOEXEC) = 3
fstat(3, {st_mode=S_IFREG|0644, st_size=12385, ...}) = 0
ioctl(3, TCGETS, 0x7fff41862cc0)        = -1 ENOTTY (デバイスに対する不適切なioctlです)
lseek(3, 0, SEEK_CUR)                   = 0
lseek(3, 0, SEEK_CUR)                   = 0
fstat(3, {st_mode=S_IFREG|0644, st_size=12385, ...}) = 0
read(3, "\363\r\r\n\0\0\0\0k:\370ga=\0\0\343\0\0\0\0\0\0\0\0\0\0\0\0\6\0\0"..., 12386) = 12385
read(3, "", 1)                          = 0
close(3)                                = 0
newfstatat(AT_FDCWD, "/usr/lib/python3.13/encodings", {st_mode=S_IFDIR|0755, st_size=4096, ...}, 0) = 0
newfstatat(AT_FDCWD, "/usr/lib/python3.13/encodings/utf_8.py", {st_mode=S_IFREG|0644, st_size=1005, ...}, 0) = 0
newfstatat(AT_FDCWD, "/usr/lib/python3.13/encodings/utf_8.py", {st_mode=S_IFREG|0644, st_size=1005, ...}, 0) = 0
openat(AT_FDCWD, "/usr/lib/python3.13/encodings/__pycache__/utf_8.cpython-313.pyc", O_RDONLY|O_CLOEXEC) = 3
fstat(3, {st_mode=S_IFREG|0644, st_size=2284, ...}) = 0
ioctl(3, TCGETS, 0x7fff418636d0)        = -1 ENOTTY (デバイスに対する不適切なioctlです)
lseek(3, 0, SEEK_CUR)                   = 0
lseek(3, 0, SEEK_CUR)                   = 0
fstat(3, {st_mode=S_IFREG|0644, st_size=2284, ...}) = 0
read(3, "\363\r\r\n\0\0\0\0k:\370g\355\3\0\0\343\0\0\0\0\0\0\0\0\0\0\0\0\5\0\0"..., 2285) = 2284
read(3, "", 1)                          = 0
close(3)                                = 0
rt_sigaction(SIGPIPE, {sa_handler=SIG_IGN, sa_mask=[], sa_flags=SA_RESTORER|SA_ONSTACK, sa_restorer=0x7ff968649df0}, {sa_handler=SIG_DFL, sa_mask=[], sa_flags=0}, 8) = 0
rt_sigaction(SIGXFSZ, {sa_handler=SIG_IGN, sa_mask=[], sa_flags=SA_RESTORER|SA_ONSTACK, sa_restorer=0x7ff968649df0}, {sa_handler=SIG_DFL, sa_mask=[], sa_flags=0}, 8) = 0
rt_sigaction(SIGHUP, NULL, {sa_handler=SIG_DFL, sa_mask=[], sa_flags=0}, 8) = 0
rt_sigaction(SIGINT, NULL, {sa_handler=SIG_DFL, sa_mask=[], sa_flags=0}, 8) = 0
rt_sigaction(SIGQUIT, NULL, {sa_handler=SIG_DFL, sa_mask=[], sa_flags=0}, 8) = 0
rt_sigaction(SIGILL, NULL, {sa_handler=SIG_DFL, sa_mask=[], sa_flags=0}, 8) = 0
rt_sigaction(SIGTRAP, NULL, {sa_handler=SIG_DFL, sa_mask=[], sa_flags=0}, 8) = 0
rt_sigprocmask(SIG_BLOCK, ~[], [], 8)   = 0
rt_sigaction(SIGABRT, NULL, {sa_handler=SIG_DFL, sa_mask=[], sa_flags=0}, 8) = 0
rt_sigprocmask(SIG_SETMASK, [], NULL, 8) = 0
rt_sigaction(SIGBUS, NULL, {sa_handler=SIG_DFL, sa_mask=[], sa_flags=0}, 8) = 0
rt_sigaction(SIGFPE, NULL, {sa_handler=SIG_DFL, sa_mask=[], sa_flags=0}, 8) = 0
rt_sigaction(SIGKILL, NULL, {sa_handler=SIG_DFL, sa_mask=[], sa_flags=0}, 8) = 0
rt_sigaction(SIGUSR1, NULL, {sa_handler=SIG_DFL, sa_mask=[], sa_flags=0}, 8) = 0
rt_sigaction(SIGSEGV, NULL, {sa_handler=SIG_DFL, sa_mask=[], sa_flags=0}, 8) = 0
rt_sigaction(SIGUSR2, NULL, {sa_handler=SIG_DFL, sa_mask=[], sa_flags=0}, 8) = 0
rt_sigaction(SIGPIPE, NULL, {sa_handler=SIG_IGN, sa_mask=[], sa_flags=SA_RESTORER|SA_ONSTACK, sa_restorer=0x7ff968649df0}, 8) = 0
rt_sigaction(SIGALRM, NULL, {sa_handler=SIG_DFL, sa_mask=[], sa_flags=0}, 8) = 0
rt_sigaction(SIGTERM, NULL, {sa_handler=SIG_DFL, sa_mask=[], sa_flags=0}, 8) = 0
rt_sigaction(SIGSTKFLT, NULL, {sa_handler=SIG_DFL, sa_mask=[], sa_flags=0}, 8) = 0
rt_sigaction(SIGCHLD, NULL, {sa_handler=SIG_DFL, sa_mask=[], sa_flags=0}, 8) = 0
rt_sigaction(SIGCONT, NULL, {sa_handler=SIG_DFL, sa_mask=[], sa_flags=0}, 8) = 0
rt_sigaction(SIGSTOP, NULL, {sa_handler=SIG_DFL, sa_mask=[], sa_flags=0}, 8) = 0
rt_sigaction(SIGTSTP, NULL, {sa_handler=SIG_DFL, sa_mask=[], sa_flags=0}, 8) = 0
rt_sigaction(SIGTTIN, NULL, {sa_handler=SIG_DFL, sa_mask=[], sa_flags=0}, 8) = 0
rt_sigaction(SIGTTOU, NULL, {sa_handler=SIG_DFL, sa_mask=[], sa_flags=0}, 8) = 0
rt_sigaction(SIGURG, NULL, {sa_handler=SIG_DFL, sa_mask=[], sa_flags=0}, 8) = 0
rt_sigaction(SIGXCPU, NULL, {sa_handler=SIG_DFL, sa_mask=[], sa_flags=0}, 8) = 0
rt_sigaction(SIGXFSZ, NULL, {sa_handler=SIG_IGN, sa_mask=[], sa_flags=SA_RESTORER|SA_ONSTACK, sa_restorer=0x7ff968649df0}, 8) = 0
rt_sigaction(SIGVTALRM, NULL, {sa_handler=SIG_DFL, sa_mask=[], sa_flags=0}, 8) = 0
rt_sigaction(SIGPROF, NULL, {sa_handler=SIG_DFL, sa_mask=[], sa_flags=0}, 8) = 0
rt_sigaction(SIGWINCH, NULL, {sa_handler=SIG_DFL, sa_mask=[], sa_flags=0}, 8) = 0
rt_sigaction(SIGIO, NULL, {sa_handler=SIG_DFL, sa_mask=[], sa_flags=0}, 8) = 0
rt_sigaction(SIGPWR, NULL, {sa_handler=SIG_DFL, sa_mask=[], sa_flags=0}, 8) = 0
rt_sigaction(SIGSYS, NULL, {sa_handler=SIG_DFL, sa_mask=[], sa_flags=0}, 8) = 0
rt_sigaction(SIGRT_2, NULL, {sa_handler=SIG_DFL, sa_mask=[], sa_flags=0}, 8) = 0
rt_sigaction(SIGRT_3, NULL, {sa_handler=SIG_DFL, sa_mask=[], sa_flags=0}, 8) = 0
rt_sigaction(SIGRT_4, NULL, {sa_handler=SIG_DFL, sa_mask=[], sa_flags=0}, 8) = 0
rt_sigaction(SIGRT_5, NULL, {sa_handler=SIG_DFL, sa_mask=[], sa_flags=0}, 8) = 0
rt_sigaction(SIGRT_6, NULL, {sa_handler=SIG_DFL, sa_mask=[], sa_flags=0}, 8) = 0
rt_sigaction(SIGRT_7, NULL, {sa_handler=SIG_DFL, sa_mask=[], sa_flags=0}, 8) = 0
rt_sigaction(SIGRT_8, NULL, {sa_handler=SIG_DFL, sa_mask=[], sa_flags=0}, 8) = 0
rt_sigaction(SIGRT_9, NULL, {sa_handler=SIG_DFL, sa_mask=[], sa_flags=0}, 8) = 0
rt_sigaction(SIGRT_10, NULL, {sa_handler=SIG_DFL, sa_mask=[], sa_flags=0}, 8) = 0
rt_sigaction(SIGRT_11, NULL, {sa_handler=SIG_DFL, sa_mask=[], sa_flags=0}, 8) = 0
rt_sigaction(SIGRT_12, NULL, {sa_handler=SIG_DFL, sa_mask=[], sa_flags=0}, 8) = 0
rt_sigaction(SIGRT_13, NULL, {sa_handler=SIG_DFL, sa_mask=[], sa_flags=0}, 8) = 0
rt_sigaction(SIGRT_14, NULL, {sa_handler=SIG_DFL, sa_mask=[], sa_flags=0}, 8) = 0
rt_sigaction(SIGRT_15, NULL, {sa_handler=SIG_DFL, sa_mask=[], sa_flags=0}, 8) = 0
rt_sigaction(SIGRT_16, NULL, {sa_handler=SIG_DFL, sa_mask=[], sa_flags=0}, 8) = 0
rt_sigaction(SIGRT_17, NULL, {sa_handler=SIG_DFL, sa_mask=[], sa_flags=0}, 8) = 0
rt_sigaction(SIGRT_18, NULL, {sa_handler=SIG_DFL, sa_mask=[], sa_flags=0}, 8) = 0
rt_sigaction(SIGRT_19, NULL, {sa_handler=SIG_DFL, sa_mask=[], sa_flags=0}, 8) = 0
rt_sigaction(SIGRT_20, NULL, {sa_handler=SIG_DFL, sa_mask=[], sa_flags=0}, 8) = 0
rt_sigaction(SIGRT_21, NULL, {sa_handler=SIG_DFL, sa_mask=[], sa_flags=0}, 8) = 0
rt_sigaction(SIGRT_22, NULL, {sa_handler=SIG_DFL, sa_mask=[], sa_flags=0}, 8) = 0
rt_sigaction(SIGRT_23, NULL, {sa_handler=SIG_DFL, sa_mask=[], sa_flags=0}, 8) = 0
rt_sigaction(SIGRT_24, NULL, {sa_handler=SIG_DFL, sa_mask=[], sa_flags=0}, 8) = 0
rt_sigaction(SIGRT_25, NULL, {sa_handler=SIG_DFL, sa_mask=[], sa_flags=0}, 8) = 0
rt_sigaction(SIGRT_26, NULL, {sa_handler=SIG_DFL, sa_mask=[], sa_flags=0}, 8) = 0
rt_sigaction(SIGRT_27, NULL, {sa_handler=SIG_DFL, sa_mask=[], sa_flags=0}, 8) = 0
rt_sigaction(SIGRT_28, NULL, {sa_handler=SIG_DFL, sa_mask=[], sa_flags=0}, 8) = 0
rt_sigaction(SIGRT_29, NULL, {sa_handler=SIG_DFL, sa_mask=[], sa_flags=0}, 8) = 0
rt_sigaction(SIGRT_30, NULL, {sa_handler=SIG_DFL, sa_mask=[], sa_flags=0}, 8) = 0
rt_sigaction(SIGRT_31, NULL, {sa_handler=SIG_DFL, sa_mask=[], sa_flags=0}, 8) = 0
rt_sigaction(SIGRT_32, NULL, {sa_handler=SIG_DFL, sa_mask=[], sa_flags=0}, 8) = 0
rt_sigaction(SIGINT, {sa_handler=0x6bb500, sa_mask=[], sa_flags=SA_RESTORER|SA_ONSTACK, sa_restorer=0x7ff968649df0}, {sa_handler=SIG_DFL, sa_mask=[], sa_flags=0}, 8) = 0
fstat(0, {st_mode=S_IFCHR|0600, st_rdev=makedev(0x88, 0x2), ...}) = 0
fcntl(0, F_GETFD)                       = 0
fstat(0, {st_mode=S_IFCHR|0600, st_rdev=makedev(0x88, 0x2), ...}) = 0
ioctl(0, TCGETS, {c_iflag=BRKINT|ICRNL|IXON|IXANY|IMAXBEL|IUTF8, c_oflag=NL0|CR0|TAB0|BS0|VT0|FF0|OPOST|ONLCR, c_cflag=B38400|CS8|CREAD|HUPCL, c_lflag=ISIG|ICANON|ECHO|ECHOE|ECHOK|IEXTEN|ECHOCTL|ECHOKE, ...}) = 0
lseek(0, 0, SEEK_CUR)                   = -1 ESPIPE (不正なシークです)
ioctl(0, TCGETS, {c_iflag=BRKINT|ICRNL|IXON|IXANY|IMAXBEL|IUTF8, c_oflag=NL0|CR0|TAB0|BS0|VT0|FF0|OPOST|ONLCR, c_cflag=B38400|CS8|CREAD|HUPCL, c_lflag=ISIG|ICANON|ECHO|ECHOE|ECHOK|IEXTEN|ECHOCTL|ECHOKE, ...}) = 0
fcntl(1, F_GETFD)                       = 0
fstat(1, {st_mode=S_IFCHR|0600, st_rdev=makedev(0x88, 0x2), ...}) = 0
ioctl(1, TCGETS, {c_iflag=BRKINT|ICRNL|IXON|IXANY|IMAXBEL|IUTF8, c_oflag=NL0|CR0|TAB0|BS0|VT0|FF0|OPOST|ONLCR, c_cflag=B38400|CS8|CREAD|HUPCL, c_lflag=ISIG|ICANON|ECHO|ECHOE|ECHOK|IEXTEN|ECHOCTL|ECHOKE, ...}) = 0
lseek(1, 0, SEEK_CUR)                   = -1 ESPIPE (不正なシークです)
ioctl(1, TCGETS, {c_iflag=BRKINT|ICRNL|IXON|IXANY|IMAXBEL|IUTF8, c_oflag=NL0|CR0|TAB0|BS0|VT0|FF0|OPOST|ONLCR, c_cflag=B38400|CS8|CREAD|HUPCL, c_lflag=ISIG|ICANON|ECHO|ECHOE|ECHOK|IEXTEN|ECHOCTL|ECHOKE, ...}) = 0
fcntl(2, F_GETFD)                       = 0
fstat(2, {st_mode=S_IFCHR|0600, st_rdev=makedev(0x88, 0x2), ...}) = 0
ioctl(2, TCGETS, {c_iflag=BRKINT|ICRNL|IXON|IXANY|IMAXBEL|IUTF8, c_oflag=NL0|CR0|TAB0|BS0|VT0|FF0|OPOST|ONLCR, c_cflag=B38400|CS8|CREAD|HUPCL, c_lflag=ISIG|ICANON|ECHO|ECHOE|ECHOK|IEXTEN|ECHOCTL|ECHOKE, ...}) = 0
lseek(2, 0, SEEK_CUR)                   = -1 ESPIPE (不正なシークです)
ioctl(2, TCGETS, {c_iflag=BRKINT|ICRNL|IXON|IXANY|IMAXBEL|IUTF8, c_oflag=NL0|CR0|TAB0|BS0|VT0|FF0|OPOST|ONLCR, c_cflag=B38400|CS8|CREAD|HUPCL, c_lflag=ISIG|ICANON|ECHO|ECHOE|ECHOK|IEXTEN|ECHOCTL|ECHOKE, ...}) = 0
brk(0x5e0e000)                          = 0x5e0e000
newfstatat(AT_FDCWD, "/usr/bin/pyvenv.cfg", 0x7fff418635a0, 0) = -1 ENOENT (そのようなファイルやディレクトリはありません)
newfstatat(AT_FDCWD, "/usr/pyvenv.cfg", 0x7fff418635f0, 0) = -1 ENOENT (そのようなファイルやディレクトリはありません)
geteuid()                               = 1000
getuid()                                = 1000
getegid()                               = 1000
getgid()                                = 1000
newfstatat(AT_FDCWD, "/home/kali/.local/lib/python3.13/site-packages", 0x7fff418637c0, 0) = -1 ENOENT (そのようなファイルやディレクトリはありません)
newfstatat(AT_FDCWD, "/usr/local/lib/python3.13/dist-packages", {st_mode=S_IFDIR|0755, st_size=4096, ...}, 0) = 0
openat(AT_FDCWD, "/usr/local/lib/python3.13/dist-packages", O_RDONLY|O_NONBLOCK|O_CLOEXEC|O_DIRECTORY) = 3
fstat(3, {st_mode=S_IFDIR|0755, st_size=4096, ...}) = 0
getdents64(3, 0x5dfd8a0 /* 2 entries */, 32768) = 48
getdents64(3, 0x5dfd8a0 /* 0 entries */, 32768) = 0
close(3)                                = 0
newfstatat(AT_FDCWD, "/usr/lib/python3/dist-packages", {st_mode=S_IFDIR|0755, st_size=65536, ...}, 0) = 0
openat(AT_FDCWD, "/usr/lib/python3/dist-packages", O_RDONLY|O_NONBLOCK|O_CLOEXEC|O_DIRECTORY) = 3
fstat(3, {st_mode=S_IFDIR|0755, st_size=65536, ...}) = 0
getdents64(3, 0x5dfd8a0 /* 767 entries */, 32768) = 32768
getdents64(3, 0x5dfd8a0 /* 722 entries */, 32768) = 30000
getdents64(3, 0x5dfd8a0 /* 0 entries */, 32768) = 0
close(3)                                = 0
newfstatat(AT_FDCWD, "/usr/lib/python3/dist-packages/PasteScript-3.7.0-nspkg.pth", {st_mode=S_IFREG|0644, st_size=462, ...}, AT_SYMLINK_NOFOLLOW) = 0
openat(AT_FDCWD, "/usr/lib/python3/dist-packages/PasteScript-3.7.0-nspkg.pth", O_RDONLY|O_CLOEXEC) = 3
fstat(3, {st_mode=S_IFREG|0644, st_size=462, ...}) = 0
ioctl(3, TCGETS, 0x7fff418634b0)        = -1 ENOTTY (デバイスに対する不適切なioctlです)
lseek(3, 0, SEEK_CUR)                   = 0
lseek(3, 0, SEEK_CUR)                   = 0
fstat(3, {st_mode=S_IFREG|0644, st_size=462, ...}) = 0
read(3, "import sys, types, os;p = os.pat"..., 463) = 462
read(3, "", 1)                          = 0
close(3)                                = 0
newfstatat(AT_FDCWD, "/usr/lib/python3.13/encodings", {st_mode=S_IFDIR|0755, st_size=4096, ...}, 0) = 0
newfstatat(AT_FDCWD, "/usr/lib/python3.13/encodings/utf_8_sig.py", {st_mode=S_IFREG|0644, st_size=4133, ...}, 0) = 0
newfstatat(AT_FDCWD, "/usr/lib/python3.13/encodings/utf_8_sig.py", {st_mode=S_IFREG|0644, st_size=4133, ...}, 0) = 0
openat(AT_FDCWD, "/usr/lib/python3.13/encodings/__pycache__/utf_8_sig.cpython-313.pyc", O_RDONLY|O_CLOEXEC) = 3
fstat(3, {st_mode=S_IFREG|0644, st_size=6913, ...}) = 0
ioctl(3, TCGETS, 0x7fff41862d40)        = -1 ENOTTY (デバイスに対する不適切なioctlです)
lseek(3, 0, SEEK_CUR)                   = 0
lseek(3, 0, SEEK_CUR)                   = 0
fstat(3, {st_mode=S_IFREG|0644, st_size=6913, ...}) = 0
read(3, "\363\r\r\n\0\0\0\0k:\370g%\20\0\0\343\0\0\0\0\0\0\0\0\0\0\0\0\5\0\0"..., 6914) = 6913
read(3, "", 1)                          = 0
close(3)                                = 0
brk(0x5e2f000)                          = 0x5e2f000
newfstatat(AT_FDCWD, "/usr/lib/python3.13", {st_mode=S_IFDIR|0755, st_size=4096, ...}, 0) = 0
newfstatat(AT_FDCWD, "/usr/lib/python3.13/types.py", {st_mode=S_IFREG|0644, st_size=11207, ...}, 0) = 0
newfstatat(AT_FDCWD, "/usr/lib/python3.13/types.py", {st_mode=S_IFREG|0644, st_size=11207, ...}, 0) = 0
openat(AT_FDCWD, "/usr/lib/python3.13/__pycache__/types.cpython-313.pyc", O_RDONLY|O_CLOEXEC) = 3
fstat(3, {st_mode=S_IFREG|0644, st_size=15545, ...}) = 0
ioctl(3, TCGETS, 0x7fff41862d70)        = -1 ENOTTY (デバイスに対する不適切なioctlです)
lseek(3, 0, SEEK_CUR)                   = 0
lseek(3, 0, SEEK_CUR)                   = 0
fstat(3, {st_mode=S_IFREG|0644, st_size=15545, ...}) = 0
read(3, "\363\r\r\n\0\0\0\0k:\370g\307+\0\0\343\0\0\0\0\0\0\0\0\0\0\0\0\6\0\0"..., 15546) = 15545
read(3, "", 1)                          = 0
close(3)                                = 0
newfstatat(AT_FDCWD, "/usr/lib/python3.13", {st_mode=S_IFDIR|0755, st_size=4096, ...}, 0) = 0
newfstatat(AT_FDCWD, "/usr/lib/python3.13/importlib/__init__.cpython-313-x86_64-linux-gnu.so", 0x7fff41862c10, 0) = -1 ENOENT (そのようなファイルやディレクトリはありません)
newfstatat(AT_FDCWD, "/usr/lib/python3.13/importlib/__init__.abi3.so", 0x7fff41862c10, 0) = -1 ENOENT (そのようなファイルやディレクトリはありません)
newfstatat(AT_FDCWD, "/usr/lib/python3.13/importlib/__init__.abi3-x86_64-linux-gnu.so", 0x7fff41862c10, 0) = -1 ENOENT (そのようなファイルやディレクトリはありません)
newfstatat(AT_FDCWD, "/usr/lib/python3.13/importlib/__init__.so", 0x7fff41862c10, 0) = -1 ENOENT (そのようなファイルやディレクトリはありません)
newfstatat(AT_FDCWD, "/usr/lib/python3.13/importlib/__init__.py", {st_mode=S_IFREG|0644, st_size=4767, ...}, 0) = 0
newfstatat(AT_FDCWD, "/usr/lib/python3.13/importlib/__init__.py", {st_mode=S_IFREG|0644, st_size=4767, ...}, 0) = 0
openat(AT_FDCWD, "/usr/lib/python3.13/importlib/__pycache__/__init__.cpython-313.pyc", O_RDONLY|O_CLOEXEC) = 3
fstat(3, {st_mode=S_IFREG|0644, st_size=4544, ...}) = 0
ioctl(3, TCGETS, 0x7fff41862900)        = -1 ENOTTY (デバイスに対する不適切なioctlです)
lseek(3, 0, SEEK_CUR)                   = 0
lseek(3, 0, SEEK_CUR)                   = 0
fstat(3, {st_mode=S_IFREG|0644, st_size=4544, ...}) = 0
read(3, "\363\r\r\n\0\0\0\0k:\370g\237\22\0\0\343\0\0\0\0\0\0\0\0\0\0\0\0\5\0\0"..., 4545) = 4544
read(3, "", 1)                          = 0
close(3)                                = 0
newfstatat(AT_FDCWD, "/usr/lib/python3.13/importlib", {st_mode=S_IFDIR|0755, st_size=4096, ...}, 0) = 0
newfstatat(AT_FDCWD, "/usr/lib/python3.13/importlib", {st_mode=S_IFDIR|0755, st_size=4096, ...}, 0) = 0
newfstatat(AT_FDCWD, "/usr/lib/python3.13/importlib", {st_mode=S_IFDIR|0755, st_size=4096, ...}, 0) = 0
openat(AT_FDCWD, "/usr/lib/python3.13/importlib", O_RDONLY|O_NONBLOCK|O_CLOEXEC|O_DIRECTORY) = 3
fstat(3, {st_mode=S_IFDIR|0755, st_size=4096, ...}) = 0
getdents64(3, 0x5e10040 /* 14 entries */, 32768) = 456
getdents64(3, 0x5e10040 /* 0 entries */, 32768) = 0
close(3)                                = 0
newfstatat(AT_FDCWD, "/usr/lib/python3.13/importlib/_abc.py", {st_mode=S_IFREG|0644, st_size=1354, ...}, 0) = 0
newfstatat(AT_FDCWD, "/usr/lib/python3.13/importlib/_abc.py", {st_mode=S_IFREG|0644, st_size=1354, ...}, 0) = 0
openat(AT_FDCWD, "/usr/lib/python3.13/importlib/__pycache__/_abc.cpython-313.pyc", O_RDONLY|O_CLOEXEC) = 3
fstat(3, {st_mode=S_IFREG|0644, st_size=1618, ...}) = 0
ioctl(3, TCGETS, 0x7fff418626c0)        = -1 ENOTTY (デバイスに対する不適切なioctlです)
lseek(3, 0, SEEK_CUR)                   = 0
lseek(3, 0, SEEK_CUR)                   = 0
fstat(3, {st_mode=S_IFREG|0644, st_size=1618, ...}) = 0
read(3, "\363\r\r\n\0\0\0\0k:\370gJ\5\0\0\343\0\0\0\0\0\0\0\0\0\0\0\0\6\0\0"..., 1619) = 1618
read(3, "", 1)                          = 0
close(3)                                = 0
newfstatat(AT_FDCWD, "/usr/lib/python3/dist-packages", {st_mode=S_IFDIR|0755, st_size=65536, ...}, 0) = 0
newfstatat(AT_FDCWD, "/usr/lib/python3/dist-packages", {st_mode=S_IFDIR|0755, st_size=65536, ...}, 0) = 0
newfstatat(AT_FDCWD, "/usr/lib/python3/dist-packages", {st_mode=S_IFDIR|0755, st_size=65536, ...}, 0) = 0
openat(AT_FDCWD, "/usr/lib/python3/dist-packages", O_RDONLY|O_NONBLOCK|O_CLOEXEC|O_DIRECTORY) = 3
fstat(3, {st_mode=S_IFDIR|0755, st_size=65536, ...}) = 0
getdents64(3, 0x5e10a40 /* 767 entries */, 32768) = 32768
getdents64(3, 0x5e10a40 /* 722 entries */, 32768) = 30000
getdents64(3, 0x5e10a40 /* 0 entries */, 32768) = 0
close(3)                                = 0
mmap(NULL, 135168, PROT_READ|PROT_WRITE, MAP_PRIVATE|MAP_ANONYMOUS, -1, 0) = 0x7ff967f7d000
newfstatat(AT_FDCWD, "/usr/lib/python3/dist-packages/paste/__init__.cpython-313-x86_64-linux-gnu.so", 0x7fff41863470, 0) = -1 ENOENT (そのようなファイルやディレクトリはありません)
newfstatat(AT_FDCWD, "/usr/lib/python3/dist-packages/paste/__init__.abi3.so", 0x7fff41863470, 0) = -1 ENOENT (そのようなファイルやディレクトリはありません)
newfstatat(AT_FDCWD, "/usr/lib/python3/dist-packages/paste/__init__.abi3-x86_64-linux-gnu.so", 0x7fff41863470, 0) = -1 ENOENT (そのようなファイルやディレクトリはありません)
newfstatat(AT_FDCWD, "/usr/lib/python3/dist-packages/paste/__init__.so", 0x7fff41863470, 0) = -1 ENOENT (そのようなファイルやディレクトリはありません)
newfstatat(AT_FDCWD, "/usr/lib/python3/dist-packages/paste/__init__.py", {st_mode=S_IFREG|0644, st_size=0, ...}, 0) = 0
newfstatat(AT_FDCWD, "/usr/lib/python3/dist-packages/distutils-precedence.pth", {st_mode=S_IFREG|0644, st_size=151, ...}, AT_SYMLINK_NOFOLLOW) = 0
openat(AT_FDCWD, "/usr/lib/python3/dist-packages/distutils-precedence.pth", O_RDONLY|O_CLOEXEC) = 3
fstat(3, {st_mode=S_IFREG|0644, st_size=151, ...}) = 0
ioctl(3, TCGETS, 0x7fff41863500)        = -1 ENOTTY (デバイスに対する不適切なioctlです)
lseek(3, 0, SEEK_CUR)                   = 0
lseek(3, 0, SEEK_CUR)                   = 0
fstat(3, {st_mode=S_IFREG|0644, st_size=151, ...}) = 0
read(3, "import os; var = 'SETUPTOOLS_USE"..., 152) = 151
read(3, "", 1)                          = 0
close(3)                                = 0
newfstatat(AT_FDCWD, "/usr/lib/python3.13", {st_mode=S_IFDIR|0755, st_size=4096, ...}, 0) = 0
newfstatat(AT_FDCWD, "/usr/lib/python3.13/lib-dynload", {st_mode=S_IFDIR|0755, st_size=4096, ...}, 0) = 0
newfstatat(AT_FDCWD, "/usr/lib/python3.13/lib-dynload", {st_mode=S_IFDIR|0755, st_size=4096, ...}, 0) = 0
newfstatat(AT_FDCWD, "/usr/lib/python3.13/lib-dynload", {st_mode=S_IFDIR|0755, st_size=4096, ...}, 0) = 0
openat(AT_FDCWD, "/usr/lib/python3.13/lib-dynload", O_RDONLY|O_NONBLOCK|O_CLOEXEC|O_DIRECTORY) = 3
fstat(3, {st_mode=S_IFDIR|0755, st_size=4096, ...}) = 0
getdents64(3, 0x5e10a40 /* 50 entries */, 32768) = 3208
getdents64(3, 0x5e10a40 /* 0 entries */, 32768) = 0
close(3)                                = 0
newfstatat(AT_FDCWD, "/usr/local/lib/python3.13/dist-packages", {st_mode=S_IFDIR|0755, st_size=4096, ...}, 0) = 0
newfstatat(AT_FDCWD, "/usr/local/lib/python3.13/dist-packages", {st_mode=S_IFDIR|0755, st_size=4096, ...}, 0) = 0
newfstatat(AT_FDCWD, "/usr/local/lib/python3.13/dist-packages", {st_mode=S_IFDIR|0755, st_size=4096, ...}, 0) = 0
openat(AT_FDCWD, "/usr/local/lib/python3.13/dist-packages", O_RDONLY|O_NONBLOCK|O_CLOEXEC|O_DIRECTORY) = 3
fstat(3, {st_mode=S_IFDIR|0755, st_size=4096, ...}) = 0
getdents64(3, 0x5e10a40 /* 2 entries */, 32768) = 48
getdents64(3, 0x5e10a40 /* 0 entries */, 32768) = 0
close(3)                                = 0
newfstatat(AT_FDCWD, "/usr/lib/python3/dist-packages", {st_mode=S_IFDIR|0755, st_size=65536, ...}, 0) = 0
newfstatat(AT_FDCWD, "/usr/lib/python3/dist-packages/_distutils_hack/__init__.cpython-313-x86_64-linux-gnu.so", 0x7fff41863080, 0) = -1 ENOENT (そのようなファイルやディレクトリはありません)
newfstatat(AT_FDCWD, "/usr/lib/python3/dist-packages/_distutils_hack/__init__.abi3.so", 0x7fff41863080, 0) = -1 ENOENT (そのようなファイルやディレクトリはありません)
newfstatat(AT_FDCWD, "/usr/lib/python3/dist-packages/_distutils_hack/__init__.abi3-x86_64-linux-gnu.so", 0x7fff41863080, 0) = -1 ENOENT (そのようなファイルやディレクトリはありません)
newfstatat(AT_FDCWD, "/usr/lib/python3/dist-packages/_distutils_hack/__init__.so", 0x7fff41863080, 0) = -1 ENOENT (そのようなファイルやディレクトリはありません)
newfstatat(AT_FDCWD, "/usr/lib/python3/dist-packages/_distutils_hack/__init__.py", {st_mode=S_IFREG|0644, st_size=6755, ...}, 0) = 0
newfstatat(AT_FDCWD, "/usr/lib/python3/dist-packages/_distutils_hack/__init__.py", {st_mode=S_IFREG|0644, st_size=6755, ...}, 0) = 0
openat(AT_FDCWD, "/usr/lib/python3/dist-packages/_distutils_hack/__pycache__/__init__.cpython-313.pyc", O_RDONLY|O_CLOEXEC) = 3
fstat(3, {st_mode=S_IFREG|0644, st_size=10714, ...}) = 0
ioctl(3, TCGETS, 0x7fff41862d70)        = -1 ENOTTY (デバイスに対する不適切なioctlです)
lseek(3, 0, SEEK_CUR)                   = 0
lseek(3, 0, SEEK_CUR)                   = 0
fstat(3, {st_mode=S_IFREG|0644, st_size=10714, ...}) = 0
read(3, "\363\r\r\n\0\0\0\0\16\352\3hc\32\0\0\343\0\0\0\0\0\0\0\0\0\0\0\0\6\0\0"..., 10715) = 10714
read(3, "", 1)                          = 0
close(3)                                = 0
newfstatat(AT_FDCWD, "/usr/lib/python3/dist-packages/repoze.lru-0.7-nspkg.pth", {st_mode=S_IFREG|0644, st_size=539, ...}, AT_SYMLINK_NOFOLLOW) = 0
openat(AT_FDCWD, "/usr/lib/python3/dist-packages/repoze.lru-0.7-nspkg.pth", O_RDONLY|O_CLOEXEC) = 3
fstat(3, {st_mode=S_IFREG|0644, st_size=539, ...}) = 0
ioctl(3, TCGETS, 0x7fff41863500)        = -1 ENOTTY (デバイスに対する不適切なioctlです)
lseek(3, 0, SEEK_CUR)                   = 0
lseek(3, 0, SEEK_CUR)                   = 0
fstat(3, {st_mode=S_IFREG|0644, st_size=539, ...}) = 0
read(3, "import sys, types, os;has_mfs = "..., 540) = 539
read(3, "", 1)                          = 0
close(3)                                = 0
newfstatat(AT_FDCWD, "/usr/lib/python3/dist-packages", {st_mode=S_IFDIR|0755, st_size=65536, ...}, 0) = 0
newfstatat(AT_FDCWD, "/usr/lib/python3/dist-packages/repoze/__init__.cpython-313-x86_64-linux-gnu.so", 0x7fff418634c0, 0) = -1 ENOENT (そのようなファイルやディレクトリはありません)
newfstatat(AT_FDCWD, "/usr/lib/python3/dist-packages/repoze/__init__.abi3.so", 0x7fff418634c0, 0) = -1 ENOENT (そのようなファイルやディレクトリはありません)
newfstatat(AT_FDCWD, "/usr/lib/python3/dist-packages/repoze/__init__.abi3-x86_64-linux-gnu.so", 0x7fff418634c0, 0) = -1 ENOENT (そのようなファイルやディレクトリはありません)
newfstatat(AT_FDCWD, "/usr/lib/python3/dist-packages/repoze/__init__.so", 0x7fff418634c0, 0) = -1 ENOENT (そのようなファイルやディレクトリはありません)
newfstatat(AT_FDCWD, "/usr/lib/python3/dist-packages/repoze/__init__.py", 0x7fff418634c0, 0) = -1 ENOENT (そのようなファイルやディレクトリはありません)
newfstatat(AT_FDCWD, "/usr/lib/python3/dist-packages/repoze/__init__.pyc", 0x7fff418634c0, 0) = -1 ENOENT (そのようなファイルやディレクトリはありません)
newfstatat(AT_FDCWD, "/usr/lib/python3/dist-packages/repoze", {st_mode=S_IFDIR|0755, st_size=4096, ...}, 0) = 0
newfstatat(AT_FDCWD, "/usr/lib/python3/dist-packages/zc.lockfile-3.0.post1-nspkg.pth", {st_mode=S_IFREG|0644, st_size=519, ...}, AT_SYMLINK_NOFOLLOW) = 0
openat(AT_FDCWD, "/usr/lib/python3/dist-packages/zc.lockfile-3.0.post1-nspkg.pth", O_RDONLY|O_CLOEXEC) = 3
fstat(3, {st_mode=S_IFREG|0644, st_size=519, ...}) = 0
ioctl(3, TCGETS, 0x7fff41863500)        = -1 ENOTTY (デバイスに対する不適切なioctlです)
lseek(3, 0, SEEK_CUR)                   = 0
lseek(3, 0, SEEK_CUR)                   = 0
fstat(3, {st_mode=S_IFREG|0644, st_size=519, ...}) = 0
read(3, "import sys, types, os;has_mfs = "..., 520) = 519
read(3, "", 1)                          = 0
close(3)                                = 0
newfstatat(AT_FDCWD, "/usr/lib/python3/dist-packages", {st_mode=S_IFDIR|0755, st_size=65536, ...}, 0) = 0
newfstatat(AT_FDCWD, "/usr/lib/python3/dist-packages/zc/__init__.cpython-313-x86_64-linux-gnu.so", 0x7fff418634c0, 0) = -1 ENOENT (そのようなファイルやディレクトリはありません)
newfstatat(AT_FDCWD, "/usr/lib/python3/dist-packages/zc/__init__.abi3.so", 0x7fff418634c0, 0) = -1 ENOENT (そのようなファイルやディレクトリはありません)
newfstatat(AT_FDCWD, "/usr/lib/python3/dist-packages/zc/__init__.abi3-x86_64-linux-gnu.so", 0x7fff418634c0, 0) = -1 ENOENT (そのようなファイルやディレクトリはありません)
newfstatat(AT_FDCWD, "/usr/lib/python3/dist-packages/zc/__init__.so", 0x7fff418634c0, 0) = -1 ENOENT (そのようなファイルやディレクトリはありません)
newfstatat(AT_FDCWD, "/usr/lib/python3/dist-packages/zc/__init__.py", 0x7fff418634c0, 0) = -1 ENOENT (そのようなファイルやディレクトリはありません)
newfstatat(AT_FDCWD, "/usr/lib/python3/dist-packages/zc/__init__.pyc", 0x7fff418634c0, 0) = -1 ENOENT (そのようなファイルやディレクトリはありません)
newfstatat(AT_FDCWD, "/usr/lib/python3/dist-packages/zc", {st_mode=S_IFDIR|0755, st_size=4096, ...}, 0) = 0
newfstatat(AT_FDCWD, "/usr/lib/python3/dist-packages/zope.deprecation-5.1-nspkg.pth", {st_mode=S_IFREG|0644, st_size=457, ...}, AT_SYMLINK_NOFOLLOW) = 0
openat(AT_FDCWD, "/usr/lib/python3/dist-packages/zope.deprecation-5.1-nspkg.pth", O_RDONLY|O_CLOEXEC) = 3
fstat(3, {st_mode=S_IFREG|0644, st_size=457, ...}) = 0
ioctl(3, TCGETS, 0x7fff41863500)        = -1 ENOTTY (デバイスに対する不適切なioctlです)
lseek(3, 0, SEEK_CUR)                   = 0
lseek(3, 0, SEEK_CUR)                   = 0
fstat(3, {st_mode=S_IFREG|0644, st_size=457, ...}) = 0
read(3, "import sys, types, os;p = os.pat"..., 458) = 457
read(3, "", 1)                          = 0
close(3)                                = 0
newfstatat(AT_FDCWD, "/usr/lib/python3/dist-packages", {st_mode=S_IFDIR|0755, st_size=65536, ...}, 0) = 0
newfstatat(AT_FDCWD, "/usr/lib/python3/dist-packages/zope/__init__.cpython-313-x86_64-linux-gnu.so", 0x7fff418634c0, 0) = -1 ENOENT (そのようなファイルやディレクトリはありません)
newfstatat(AT_FDCWD, "/usr/lib/python3/dist-packages/zope/__init__.abi3.so", 0x7fff418634c0, 0) = -1 ENOENT (そのようなファイルやディレクトリはありません)
newfstatat(AT_FDCWD, "/usr/lib/python3/dist-packages/zope/__init__.abi3-x86_64-linux-gnu.so", 0x7fff418634c0, 0) = -1 ENOENT (そのようなファイルやディレクトリはありません)
newfstatat(AT_FDCWD, "/usr/lib/python3/dist-packages/zope/__init__.so", 0x7fff418634c0, 0) = -1 ENOENT (そのようなファイルやディレクトリはありません)
newfstatat(AT_FDCWD, "/usr/lib/python3/dist-packages/zope/__init__.py", {st_mode=S_IFREG|0644, st_size=56, ...}, 0) = 0
newfstatat(AT_FDCWD, "/usr/lib/python3/dist-packages/zope.event-5.0-nspkg.pth", {st_mode=S_IFREG|0644, st_size=529, ...}, AT_SYMLINK_NOFOLLOW) = 0
openat(AT_FDCWD, "/usr/lib/python3/dist-packages/zope.event-5.0-nspkg.pth", O_RDONLY|O_CLOEXEC) = 3
fstat(3, {st_mode=S_IFREG|0644, st_size=529, ...}) = 0
ioctl(3, TCGETS, 0x7fff41863500)        = -1 ENOTTY (デバイスに対する不適切なioctlです)
lseek(3, 0, SEEK_CUR)                   = 0
lseek(3, 0, SEEK_CUR)                   = 0
fstat(3, {st_mode=S_IFREG|0644, st_size=529, ...}) = 0
read(3, "import sys, types, os;has_mfs = "..., 530) = 529
read(3, "", 1)                          = 0
close(3)                                = 0
newfstatat(AT_FDCWD, "/usr/lib/python3/dist-packages", {st_mode=S_IFDIR|0755, st_size=65536, ...}, 0) = 0
newfstatat(AT_FDCWD, "/usr/lib/python3/dist-packages/zope/__init__.cpython-313-x86_64-linux-gnu.so", 0x7fff418634c0, 0) = -1 ENOENT (そのようなファイルやディレクトリはありません)
newfstatat(AT_FDCWD, "/usr/lib/python3/dist-packages/zope/__init__.abi3.so", 0x7fff418634c0, 0) = -1 ENOENT (そのようなファイルやディレクトリはありません)
newfstatat(AT_FDCWD, "/usr/lib/python3/dist-packages/zope/__init__.abi3-x86_64-linux-gnu.so", 0x7fff418634c0, 0) = -1 ENOENT (そのようなファイルやディレクトリはありません)
newfstatat(AT_FDCWD, "/usr/lib/python3/dist-packages/zope/__init__.so", 0x7fff418634c0, 0) = -1 ENOENT (そのようなファイルやディレクトリはありません)
newfstatat(AT_FDCWD, "/usr/lib/python3/dist-packages/zope/__init__.py", {st_mode=S_IFREG|0644, st_size=56, ...}, 0) = 0
newfstatat(AT_FDCWD, "/usr/lib/python3/dist-packages/zope.interface-7.2-nspkg.pth", {st_mode=S_IFREG|0644, st_size=457, ...}, AT_SYMLINK_NOFOLLOW) = 0
openat(AT_FDCWD, "/usr/lib/python3/dist-packages/zope.interface-7.2-nspkg.pth", O_RDONLY|O_CLOEXEC) = 3
fstat(3, {st_mode=S_IFREG|0644, st_size=457, ...}) = 0
ioctl(3, TCGETS, 0x7fff41863500)        = -1 ENOTTY (デバイスに対する不適切なioctlです)
lseek(3, 0, SEEK_CUR)                   = 0
lseek(3, 0, SEEK_CUR)                   = 0
fstat(3, {st_mode=S_IFREG|0644, st_size=457, ...}) = 0
read(3, "import sys, types, os;p = os.pat"..., 458) = 457
read(3, "", 1)                          = 0
close(3)                                = 0
newfstatat(AT_FDCWD, "/usr/lib/python3/dist-packages", {st_mode=S_IFDIR|0755, st_size=65536, ...}, 0) = 0
newfstatat(AT_FDCWD, "/usr/lib/python3/dist-packages/zope/__init__.cpython-313-x86_64-linux-gnu.so", 0x7fff418634c0, 0) = -1 ENOENT (そのようなファイルやディレクトリはありません)
newfstatat(AT_FDCWD, "/usr/lib/python3/dist-packages/zope/__init__.abi3.so", 0x7fff418634c0, 0) = -1 ENOENT (そのようなファイルやディレクトリはありません)
newfstatat(AT_FDCWD, "/usr/lib/python3/dist-packages/zope/__init__.abi3-x86_64-linux-gnu.so", 0x7fff418634c0, 0) = -1 ENOENT (そのようなファイルやディレクトリはありません)
newfstatat(AT_FDCWD, "/usr/lib/python3/dist-packages/zope/__init__.so", 0x7fff418634c0, 0) = -1 ENOENT (そのようなファイルやディレクトリはありません)
newfstatat(AT_FDCWD, "/usr/lib/python3/dist-packages/zope/__init__.py", {st_mode=S_IFREG|0644, st_size=56, ...}, 0) = 0
newfstatat(AT_FDCWD, "/usr/lib/python3.13/dist-packages", 0x7fff41863810, 0) = -1 ENOENT (そのようなファイルやディレクトリはありません)
newfstatat(AT_FDCWD, "/usr/lib/python3.13", {st_mode=S_IFDIR|0755, st_size=4096, ...}, 0) = 0
newfstatat(AT_FDCWD, "/usr/lib/python3.13/sitecustomize.py", {st_mode=S_IFREG|0644, st_size=155, ...}, 0) = 0
newfstatat(AT_FDCWD, "/usr/lib/python3.13/sitecustomize.py", {st_mode=S_IFREG|0644, st_size=155, ...}, 0) = 0
openat(AT_FDCWD, "/usr/lib/python3.13/__pycache__/sitecustomize.cpython-313.pyc", O_RDONLY|O_CLOEXEC) = 3
fstat(3, {st_mode=S_IFREG|0644, st_size=299, ...}) = 0
ioctl(3, TCGETS, 0x7fff41863110)        = -1 ENOTTY (デバイスに対する不適切なioctlです)
lseek(3, 0, SEEK_CUR)                   = 0
lseek(3, 0, SEEK_CUR)                   = 0
fstat(3, {st_mode=S_IFREG|0644, st_size=299, ...}) = 0
read(3, "\363\r\r\n\0\0\0\0k:\370g\233\0\0\0\343\0\0\0\0\0\0\0\0\0\0\0\0\4\0\0"..., 300) = 299
read(3, "", 1)                          = 0
close(3)                                = 0
newfstatat(AT_FDCWD, "/usr/lib/python3.13", {st_mode=S_IFDIR|0755, st_size=4096, ...}, 0) = 0
newfstatat(AT_FDCWD, "/usr/lib/python3.13/lib-dynload", {st_mode=S_IFDIR|0755, st_size=4096, ...}, 0) = 0
newfstatat(AT_FDCWD, "/usr/local/lib/python3.13/dist-packages", {st_mode=S_IFDIR|0755, st_size=4096, ...}, 0) = 0
newfstatat(AT_FDCWD, "/usr/lib/python3/dist-packages", {st_mode=S_IFDIR|0755, st_size=65536, ...}, 0) = 0
newfstatat(AT_FDCWD, "/usr/lib/python3.13", {st_mode=S_IFDIR|0755, st_size=4096, ...}, 0) = 0
newfstatat(AT_FDCWD, "/usr/lib/python3.13/lib-dynload", {st_mode=S_IFDIR|0755, st_size=4096, ...}, 0) = 0
newfstatat(AT_FDCWD, "/usr/local/lib/python3.13/dist-packages", {st_mode=S_IFDIR|0755, st_size=4096, ...}, 0) = 0
newfstatat(AT_FDCWD, "/usr/lib/python3/dist-packages", {st_mode=S_IFDIR|0755, st_size=65536, ...}, 0) = 0
newfstatat(AT_FDCWD, "/media/sf_HowLinuxWorks/The_Workings_Of_Linux/Chapter1/./hello.py", {st_mode=S_IFREG|0770, st_size=39, ...}, 0) = 0
openat(AT_FDCWD, "/media/sf_HowLinuxWorks/The_Workings_Of_Linux/Chapter1/./hello.py", O_RDONLY|O_CLOEXEC) = 3
fstat(3, {st_mode=S_IFREG|0770, st_size=39, ...}) = 0
ioctl(3, TCGETS, 0x7fff41863d60)        = -1 ENOTTY (デバイスに対する不適切なioctlです)
lseek(3, 0, SEEK_CUR)                   = 0
lseek(3, 0, SEEK_CUR)                   = 0
lseek(3, 0, SEEK_END)                   = 39
lseek(3, 0, SEEK_CUR)                   = 39
lseek(3, 0, SEEK_SET)                   = 0
read(3, "#!/usr/bin/python3\nprint(\"hello "..., 65536) = 39
read(3, "", 65536)                      = 0
lseek(3, 0, SEEK_SET)                   = 0
close(3)                                = 0
newfstatat(AT_FDCWD, "/media/sf_HowLinuxWorks/The_Workings_Of_Linux/Chapter1/./hello.py", {st_mode=S_IFREG|0770, st_size=39, ...}, 0) = 0
readlink("./hello.py", 0x7fff41852410, 4096) = -1 EINVAL (無効な引数です)
getcwd("/media/sf_HowLinuxWorks/The_Workings_Of_Linux/Chapter1", 1024) = 55
readlink("/media/sf_HowLinuxWorks/The_Workings_Of_Linux/Chapter1/hello.py", 0x7fff41852ff0, 1023) = -1 EINVAL (無効な引数です)
openat(AT_FDCWD, "/media/sf_HowLinuxWorks/The_Workings_Of_Linux/Chapter1/./hello.py", O_RDONLY) = 3
ioctl(3, FIOCLEX)                       = 0
fstat(3, {st_mode=S_IFREG|0770, st_size=39, ...}) = 0
ioctl(3, TCGETS, 0x7fff418643d0)        = -1 ENOTTY (デバイスに対する不適切なioctlです)
lseek(3, 0, SEEK_CUR)                   = 0
fstat(3, {st_mode=S_IFREG|0770, st_size=39, ...}) = 0
read(3, "#!/usr/bin/python3\nprint(\"hello "..., 4096) = 39
lseek(3, 0, SEEK_SET)                   = 0
read(3, "#!/usr/bin/python3\nprint(\"hello "..., 4096) = 39
read(3, "", 4096)                       = 0
close(3)                                = 0
write(1, "hello world\n", 12)           = 12
rt_sigaction(SIGINT, {sa_handler=SIG_DFL, sa_mask=[], sa_flags=SA_RESTORER|SA_ONSTACK, sa_restorer=0x7ff968649df0}, {sa_handler=0x6bb500, sa_mask=[], sa_flags=SA_RESTORER|SA_ONSTACK, sa_restorer=0x7ff968649df0}, 8) = 0
munmap(0x7ff967f7d000, 135168)          = 0
munmap(0x7ff968947000, 16384)           = 0
exit_group(0)                           = ?
+++ exited with 0 +++
